2026-02-08T03:28:26: PM2 log: ===============================================================================
2026-02-08T03:28:26: PM2 log: --- New PM2 Daemon started ----------------------------------------------------
2026-02-08T03:28:26: PM2 log: Time                 : Sun Feb 08 2026 03:28:26 GMT-0500 (Eastern Standard Time)
2026-02-08T03:28:26: PM2 log: PM2 version          : 6.0.14
2026-02-08T03:28:26: PM2 log: Node.js version      : 25.3.0
2026-02-08T03:28:26: PM2 log: Current arch         : arm64
2026-02-08T03:28:26: PM2 log: PM2 home             : /data/data/com.termux/files/home/.pm2
2026-02-08T03:28:26: PM2 log: PM2 PID file         : /data/data/com.termux/files/home/.pm2/pm2.pid
2026-02-08T03:28:26: PM2 log: RPC socket file      : /data/data/com.termux/files/home/.pm2/rpc.sock
2026-02-08T03:28:26: PM2 log: BUS socket file      : /data/data/com.termux/files/home/.pm2/pub.sock
2026-02-08T03:28:26: PM2 log: Application log path : /data/data/com.termux/files/home/.pm2/logs
2026-02-08T03:28:26: PM2 log: Worker Interval      : 30000
2026-02-08T03:28:26: PM2 log: Process dump file    : /data/data/com.termux/files/home/.pm2/dump.pm2
2026-02-08T03:28:26: PM2 log: Concurrent actions   : 2
2026-02-08T03:28:26: PM2 log: SIGTERM timeout      : 1600
2026-02-08T03:28:26: PM2 log: Runtime Binary       : /data/data/com.termux/files/usr/bin/node
2026-02-08T03:28:26: PM2 log: ===============================================================================
2026-02-08T03:28:26: PM2 log: App [myapp:0] starting in -fork mode-
2026-02-08T03:28:26: PM2 log: App [myapp:0] online
2026-02-08T03:28:26: PM2 warn: [pidusage] We couldn't find uptime from /proc/uptime, using os.uptime() value
2026-02-08T03:28:26: PM2 error: Error while calling "getconf CLK_TCK" Error: Command failed: getconf CLK_TCK
/data/data/com.termux/files/usr/bin/sh: 1: getconf: not found

    at genericNodeError (node:internal/errors:998:15)
    at wrappedFn (node:internal/errors:543:14)
    at ChildProcess.exithandler (node:child_process:417:12)
    at ChildProcess.emit (node:events:508:28)
    at ChildProcess.emit (node:domain:552:15)
    at maybeClose (node:internal/child_process:1085:16)
    at Socket.<anonymous> (node:internal/child_process:456:11)
    at Socket.emit (node:events:508:28)
    at Socket.emit (node:domain:552:15)
    at Pipe.<anonymous> (node:net:346:12) {
  code: 127,
  killed: false,
  signal: null,
  cmd: 'getconf CLK_TCK'
}
2026-02-08T03:28:26: PM2 error: Error while calling "getconf PAGESIZE" Error: Command failed: getconf PAGESIZE
/data/data/com.termux/files/usr/bin/sh: 1: getconf: not found

    at genericNodeError (node:internal/errors:998:15)
    at wrappedFn (node:internal/errors:543:14)
    at ChildProcess.exithandler (node:child_process:417:12)
    at ChildProcess.emit (node:events:508:28)
    at ChildProcess.emit (node:domain:552:15)
    at maybeClose (node:internal/child_process:1085:16)
    at Socket.<anonymous> (node:internal/child_process:456:11)
    at Socket.emit (node:events:508:28)
    at Socket.emit (node:domain:552:15)
    at Pipe.<anonymous> (node:net:346:12) {
  code: 127,
  killed: false,
  signal: null,
  cmd: 'getconf PAGESIZE'
}
2026-02-08T03:28:26: PM2 warn: [pidusage] We couldn't find uptime from /proc/uptime, using os.uptime() value
2026-02-08T03:28:27: PM2 warn: [pidusage] We couldn't find uptime from /proc/uptime, using os.uptime() value
2026-02-08T03:28:27: PM2 warn: [pidusage] We couldn't find uptime from /proc/uptime, using os.uptime() value
2026-02-08T03:28:56: PM2 warn: [pidusage] We couldn't find uptime from /proc/uptime, using os.uptime() value
2026-02-08T03:29:26: PM2 warn: [pidusage] We couldn't find uptime from /proc/uptime, using os.uptime() value
2026-02-08T03:29:43: PM2 warn: [pidusage] We couldn't find uptime from /proc/uptime, using os.uptime() value
2026-02-08T03:29:43: PM2 warn: [pidusage] We couldn't find uptime from /proc/uptime, using os.uptime() value
2026-02-08T03:29:43: PM2 warn: [pidusage] We couldn't find uptime from /proc/uptime, using os.uptime() value
2026-02-08T03:29:56: PM2 warn: [pidusage] We couldn't find uptime from /proc/uptime, using os.uptime() value
2026-02-08T03:30:26: PM2 warn: [pidusage] We couldn't find uptime from /proc/uptime, using os.uptime() value
2026-02-08T03:30:56: PM2 warn: [pidusage] We couldn't find uptime from /proc/uptime, using os.uptime() value
2026-02-08T03:31:26: PM2 warn: [pidusage] We couldn't find uptime from /proc/uptime, using os.uptime() value
2026-02-08T03:31:56: PM2 warn: [pidusage] We couldn't find uptime from /proc/uptime, using os.uptime() value
2026-02-08T03:32:26: PM2 warn: [pidusage] We couldn't find uptime from /proc/uptime, using os.uptime() value
2026-02-08T03:32:56: PM2 warn: [pidusage] We couldn't find uptime from /proc/uptime, using os.uptime() value
2026-02-08T03:33:26: PM2 warn: [pidusage] We couldn't find uptime from /proc/uptime, using os.uptime() value
2026-02-08T03:33:56: PM2 warn: [pidusage] We couldn't find uptime from /proc/uptime, using os.uptime() value
2026-02-08T03:34:26: PM2 warn: [pidusage] We couldn't find uptime from /proc/uptime, using os.uptime() value
2026-02-08T03:34:56: PM2 warn: [pidusage] We couldn't find uptime from /proc/uptime, using os.uptime() value
2026-02-08T03:35:23: PM2 log: pm2 has been killed by signal, dumping process list before exit...
2026-02-08T03:35:23: PM2 log: Deleting process 0
2026-02-08T03:35:23: PM2 log: Stopping app:myapp id:0
2026-02-08T03:35:23: PM2 log: App [myapp:0] exited with code [0] via signal [SIGTERM]
2026-02-08T03:35:24: PM2 log: pid=31973 msg=process killed
2026-02-08T03:35:24: PM2 log: Exited peacefully
