0 verbose cli /data/data/com.termux/files/usr/bin/node /data/data/com.termux/files/usr/bin/npm
1 info using npm@11.6.0
2 info using node@v24.9.0
3 silly config load:file:/data/data/com.termux/files/usr/lib/node_modules/npm/npmrc
4 silly config load:file:/data/data/com.termux/files/home/.npmrc
5 silly config load:file:/data/data/com.termux/files/usr/etc/npmrc
6 verbose title npm install nodemon
7 verbose argv "install" "--save-dev" "nodemon"
8 verbose logfile logs-max:10 dir:/data/data/com.termux/files/home/.npm/_logs/2026-02-08T07_09_58_807Z-
9 verbose logfile /data/data/com.termux/files/home/.npm/_logs/2026-02-08T07_09_58_807Z-debug-0.log
10 silly logfile start cleaning logs, removing 1 files
11 silly packumentCache heap:1174405120 maxSize:293601280 maxEntrySize:146800640
12 silly logfile done cleaning log files
13 silly idealTree buildDeps
14 silly fetch manifest nodemon@^3.1.11
15 silly packumentCache full:https://registry.npmjs.org/nodemon cache-miss
16 http fetch GET 200 https://registry.npmjs.org/nodemon 1014ms (cache revalidated)
17 silly packumentCache full:https://registry.npmjs.org/nodemon set size:652205 disposed:false
18 silly placeDep ROOT nodemon@3.1.11 REPLACE for: project@1.0.0 want: ^3.1.11
19 silly reify moves {}
20 silly audit bulk request {
20 silly audit   anymatch: [ '3.1.3' ],
20 silly audit   'balanced-match': [ '1.0.2' ],
20 silly audit   'binary-extensions': [ '2.3.0' ],
20 silly audit   'brace-expansion': [ '1.1.12' ],
20 silly audit   braces: [ '3.0.3' ],
20 silly audit   chokidar: [ '3.6.0' ],
20 silly audit   'concat-map': [ '0.0.1' ],
20 silly audit   debug: [ '4.4.3' ],
20 silly audit   'fill-range': [ '7.1.1' ],
20 silly audit   'firebase-frameworks': [ '0.4.2' ],
20 silly audit   'fs-extra': [ '10.1.0' ],
20 silly audit   fsevents: [ '2.3.3' ],
20 silly audit   'glob-parent': [ '5.1.2' ],
20 silly audit   'graceful-fs': [ '4.2.11' ],
20 silly audit   'has-flag': [ '3.0.0' ],
20 silly audit   'ignore-by-default': [ '1.0.1' ],
20 silly audit   'is-binary-path': [ '2.1.0' ],
20 silly audit   'is-extglob': [ '2.1.1' ],
20 silly audit   'is-glob': [ '4.0.3' ],
20 silly audit   'is-number': [ '7.0.0' ],
20 silly audit   'jsonc-parser': [ '3.3.1' ],
20 silly audit   jsonfile: [ '6.2.0' ],
20 silly audit   minimatch: [ '3.1.2' ],
20 silly audit   ms: [ '2.1.3' ],
20 silly audit   'normalize-path': [ '3.0.0' ],
20 silly audit   picomatch: [ '2.3.1' ],
20 silly audit   'pstree.remy': [ '1.1.8' ],
20 silly audit   readdirp: [ '3.6.0' ],
20 silly audit   semver: [ '7.7.3' ],
20 silly audit   'simple-update-notifier': [ '2.0.0' ],
20 silly audit   'supports-color': [ '5.5.0' ],
20 silly audit   'to-regex-range': [ '5.0.1' ],
20 silly audit   touch: [ '3.1.1' ],
20 silly audit   tslib: [ '2.8.1' ],
20 silly audit   undefsafe: [ '2.0.5' ],
20 silly audit   universalify: [ '2.0.1' ],
20 silly audit   nodemon: [ '3.1.11' ]
20 silly audit }
21 http fetch POST 200 https://registry.npmjs.org/-/npm/v1/security/advisories/bulk 315ms
22 silly audit report {}
23 verbose cwd /data/data/com.termux/files/home
24 verbose os Linux 6.1.145-android14-11-gc1de4747ac59-ab14219743
25 verbose node v24.9.0
26 verbose npm  v11.6.0
27 verbose exit 0
28 info ok
