0 verbose cli /data/data/com.termux/files/usr/bin/node /data/data/com.termux/files/usr/bin/npm
1 info using npm@11.9.0
2 info using node@v25.3.0
3 silly config load:file:/data/data/com.termux/files/usr/lib/node_modules/npm/npmrc
4 silly config load:file:/data/data/com.termux/files/home/.npmrc
5 silly config load:file:/data/data/com.termux/files/usr/etc/npmrc
6 verbose title npm install pm2
7 verbose argv "install" "--global" "pm2"
8 verbose logfile logs-max:10 dir:/data/data/com.termux/files/home/.npm/_logs/2026-02-08T08_28_11_164Z-
9 verbose logfile /data/data/com.termux/files/home/.npm/_logs/2026-02-08T08_28_11_164Z-debug-0.log
10 silly packumentCache heap:637534208 maxSize:159383552 maxEntrySize:79691776
11 silly logfile start cleaning logs, removing 1 files
12 silly idealTree buildDeps
13 silly fetch manifest pm2@*
14 silly packumentCache full:https://registry.npmjs.org/pm2 cache-miss
15 silly logfile done cleaning log files
16 http fetch GET 200 https://registry.npmjs.org/pm2 986ms (cache miss)
17 silly packumentCache full:https://registry.npmjs.org/pm2 set size:undefined disposed:false
18 silly placeDep ROOT pm2@6.0.14 OK for:  want: *
19 silly fetch manifest @pm2/agent@~2.1.1
20 silly packumentCache full:https://registry.npmjs.org/@pm2%2fagent cache-miss
21 silly fetch manifest @pm2/js-api@~0.8.0
22 silly packumentCache full:https://registry.npmjs.org/@pm2%2fjs-api cache-miss
23 silly fetch manifest @pm2/io@~6.1.0
24 silly packumentCache full:https://registry.npmjs.org/@pm2%2fio cache-miss
25 silly fetch manifest @pm2/pm2-version-check@^1.0.4
26 silly packumentCache full:https://registry.npmjs.org/@pm2%2fpm2-version-check cache-miss
27 silly fetch manifest ansis@4.0.0-node10
28 silly packumentCache full:https://registry.npmjs.org/ansis cache-miss
29 silly fetch manifest async@3.2.6
30 silly packumentCache full:https://registry.npmjs.org/async cache-miss
31 silly fetch manifest @pm2/blessed@0.1.81
32 silly packumentCache full:https://registry.npmjs.org/@pm2%2fblessed cache-miss
33 silly fetch manifest chokidar@3.6.0
34 silly packumentCache full:https://registry.npmjs.org/chokidar cache-miss
35 http fetch GET 200 https://registry.npmjs.org/@pm2%2fagent 234ms (cache miss)
36 silly packumentCache full:https://registry.npmjs.org/@pm2%2fagent set size:undefined disposed:false
37 silly fetch manifest cli-tableau@2.0.1
38 silly packumentCache full:https://registry.npmjs.org/cli-tableau cache-miss
39 http fetch GET 200 https://registry.npmjs.org/cli-tableau 208ms (cache miss)
40 silly packumentCache full:https://registry.npmjs.org/cli-tableau set size:undefined disposed:false
41 silly fetch manifest commander@2.15.1
42 silly packumentCache full:https://registry.npmjs.org/commander cache-miss
43 http fetch GET 200 https://registry.npmjs.org/ansis 592ms (cache miss)
44 silly packumentCache full:https://registry.npmjs.org/ansis set size:undefined disposed:false
45 silly fetch manifest croner@4.1.97
46 silly packumentCache full:https://registry.npmjs.org/croner cache-miss
47 http fetch GET 200 https://registry.npmjs.org/chokidar 620ms (cache revalidated)
48 silly packumentCache full:https://registry.npmjs.org/chokidar set size:255902 disposed:false
49 silly fetch manifest dayjs@1.11.15
50 silly packumentCache full:https://registry.npmjs.org/dayjs cache-miss
51 http fetch GET 200 https://registry.npmjs.org/commander 223ms (cache revalidated)
52 silly packumentCache full:https://registry.npmjs.org/commander set size:348500 disposed:false
53 silly fetch manifest debug@4.4.3
54 silly packumentCache full:https://registry.npmjs.org/debug cache-miss
55 http fetch GET 200 https://registry.npmjs.org/@pm2%2fjs-api 717ms (cache miss)
56 silly packumentCache full:https://registry.npmjs.org/@pm2%2fjs-api set size:undefined disposed:false
57 silly fetch manifest enquirer@2.3.6
58 silly packumentCache full:https://registry.npmjs.org/enquirer cache-miss
59 http fetch GET 200 https://registry.npmjs.org/@pm2%2fblessed 720ms (cache miss)
60 silly packumentCache full:https://registry.npmjs.org/@pm2%2fblessed set size:undefined disposed:false
61 silly fetch manifest eventemitter2@5.0.1
62 silly packumentCache full:https://registry.npmjs.org/eventemitter2 cache-miss
63 http fetch GET 200 https://registry.npmjs.org/async 819ms (cache revalidated)
64 silly packumentCache full:https://registry.npmjs.org/async set size:230496 disposed:false
65 silly fetch manifest fclone@1.0.11
66 silly packumentCache full:https://registry.npmjs.org/fclone cache-miss
67 http fetch GET 200 https://registry.npmjs.org/debug 173ms (cache revalidated)
68 silly packumentCache full:https://registry.npmjs.org/debug set size:195840 disposed:false
69 silly fetch manifest mkdirp@1.0.4
70 silly packumentCache full:https://registry.npmjs.org/mkdirp cache-miss
71 http fetch GET 200 https://registry.npmjs.org/enquirer 188ms (cache miss)
72 silly packumentCache full:https://registry.npmjs.org/enquirer set size:undefined disposed:false
73 silly fetch manifest needle@2.4.0
74 silly packumentCache full:https://registry.npmjs.org/needle cache-miss
75 http fetch GET 200 https://registry.npmjs.org/eventemitter2 210ms (cache miss)
76 silly packumentCache full:https://registry.npmjs.org/eventemitter2 set size:undefined disposed:false
77 silly fetch manifest pidusage@3.0.2
78 silly packumentCache full:https://registry.npmjs.org/pidusage cache-miss
79 http fetch GET 200 https://registry.npmjs.org/dayjs 374ms (cache revalidated)
80 silly packumentCache full:https://registry.npmjs.org/dayjs set size:483478 disposed:false
81 silly fetch manifest pm2-axon@~4.0.1
82 silly packumentCache full:https://registry.npmjs.org/pm2-axon cache-miss
83 http fetch GET 200 https://registry.npmjs.org/@pm2%2fpm2-version-check 1030ms (cache miss)
84 silly packumentCache full:https://registry.npmjs.org/@pm2%2fpm2-version-check set size:undefined disposed:false
85 silly fetch manifest pm2-axon-rpc@~0.7.1
86 silly packumentCache full:https://registry.npmjs.org/pm2-axon-rpc cache-miss
87 http fetch GET 200 https://registry.npmjs.org/fclone 192ms (cache miss)
88 silly packumentCache full:https://registry.npmjs.org/fclone set size:undefined disposed:false
89 silly fetch manifest pm2-deploy@~1.0.2
90 silly packumentCache full:https://registry.npmjs.org/pm2-deploy cache-miss
91 http fetch GET 200 https://registry.npmjs.org/mkdirp 170ms (cache revalidated)
92 silly packumentCache full:https://registry.npmjs.org/mkdirp set size:116455 disposed:false
93 silly fetch manifest pm2-multimeter@^0.1.2
94 silly packumentCache full:https://registry.npmjs.org/pm2-multimeter cache-miss
95 http fetch GET 200 https://registry.npmjs.org/pm2-axon-rpc 176ms (cache miss)
96 silly packumentCache full:https://registry.npmjs.org/pm2-axon-rpc set size:undefined disposed:false
97 silly fetch manifest promptly@2.2.0
98 silly packumentCache full:https://registry.npmjs.org/promptly cache-miss
99 http fetch GET 200 https://registry.npmjs.org/pm2-axon 188ms (cache miss)
100 silly packumentCache full:https://registry.npmjs.org/pm2-axon set size:undefined disposed:false
101 silly fetch manifest semver@7.7.2
102 silly packumentCache full:https://registry.npmjs.org/semver cache-miss
103 http fetch GET 200 https://registry.npmjs.org/pm2-deploy 189ms (cache miss)
104 silly packumentCache full:https://registry.npmjs.org/pm2-deploy set size:undefined disposed:false
105 silly fetch manifest source-map-support@0.5.21
106 silly packumentCache full:https://registry.npmjs.org/source-map-support cache-miss
107 http fetch GET 200 https://registry.npmjs.org/pm2-multimeter 176ms (cache miss)
108 silly packumentCache full:https://registry.npmjs.org/pm2-multimeter set size:undefined disposed:false
109 silly fetch manifest sprintf-js@1.1.2
110 silly packumentCache full:https://registry.npmjs.org/sprintf-js cache-miss
111 http fetch GET 200 https://registry.npmjs.org/needle 401ms (cache miss)
112 silly packumentCache full:https://registry.npmjs.org/needle set size:undefined disposed:false
113 silly fetch manifest vizion@~2.2.1
114 silly packumentCache full:https://registry.npmjs.org/vizion cache-miss
115 http fetch GET 200 https://registry.npmjs.org/pidusage 408ms (cache miss)
116 silly packumentCache full:https://registry.npmjs.org/pidusage set size:undefined disposed:false
117 silly fetch manifest js-yaml@4.1.1
118 silly packumentCache full:https://registry.npmjs.org/js-yaml cache-miss
119 http fetch GET 200 https://registry.npmjs.org/croner 848ms (cache updated)
120 silly packumentCache full:https://registry.npmjs.org/croner set size:undefined disposed:false
121 silly fetch manifest pm2-sysmonit@^1.2.8
122 silly packumentCache full:https://registry.npmjs.org/pm2-sysmonit cache-miss
123 http fetch GET 200 https://registry.npmjs.org/promptly 288ms (cache miss)
124 silly packumentCache full:https://registry.npmjs.org/promptly set size:undefined disposed:false
125 http fetch GET 200 https://registry.npmjs.org/source-map-support 299ms (cache revalidated)
126 silly packumentCache full:https://registry.npmjs.org/source-map-support set size:125488 disposed:false
127 http fetch GET 200 https://registry.npmjs.org/semver 329ms (cache updated)
128 silly packumentCache full:https://registry.npmjs.org/semver set size:undefined disposed:false
129 http fetch GET 200 https://registry.npmjs.org/sprintf-js 324ms (cache revalidated)
130 silly packumentCache full:https://registry.npmjs.org/sprintf-js set size:20495 disposed:false
131 http fetch GET 200 https://registry.npmjs.org/js-yaml 265ms (cache revalidated)
132 silly packumentCache full:https://registry.npmjs.org/js-yaml set size:152232 disposed:false
133 http fetch GET 200 https://registry.npmjs.org/pm2-sysmonit 216ms (cache miss)
134 silly packumentCache full:https://registry.npmjs.org/pm2-sysmonit set size:undefined disposed:false
135 http fetch GET 200 https://registry.npmjs.org/vizion 380ms (cache miss)
136 silly packumentCache full:https://registry.npmjs.org/vizion set size:undefined disposed:false
137 http fetch GET 200 https://registry.npmjs.org/@pm2%2fio 1917ms (cache miss)
138 silly packumentCache full:https://registry.npmjs.org/@pm2%2fio set size:undefined disposed:false
139 silly placeDep node_modules/pm2 @pm2/agent@2.1.1 OK for: pm2@6.0.14 want: ~2.1.1
140 silly placeDep node_modules/pm2 @pm2/blessed@0.1.81 OK for: pm2@6.0.14 want: 0.1.81
141 silly placeDep node_modules/pm2 @pm2/io@6.1.0 OK for: pm2@6.0.14 want: ~6.1.0
142 silly placeDep node_modules/pm2 @pm2/js-api@0.8.0 OK for: pm2@6.0.14 want: ~0.8.0
143 silly placeDep node_modules/pm2 @pm2/pm2-version-check@1.0.4 OK for: pm2@6.0.14 want: ^1.0.4
144 silly placeDep node_modules/pm2 ansis@4.0.0-node10 OK for: pm2@6.0.14 want: 4.0.0-node10
145 silly placeDep node_modules/pm2 async@3.2.6 OK for: pm2@6.0.14 want: 3.2.6
146 silly placeDep node_modules/pm2 chokidar@3.6.0 OK for: pm2@6.0.14 want: 3.6.0
147 silly placeDep node_modules/pm2 cli-tableau@2.0.1 OK for: pm2@6.0.14 want: 2.0.1
148 silly placeDep node_modules/pm2 commander@2.15.1 OK for: pm2@6.0.14 want: 2.15.1
149 silly placeDep node_modules/pm2 croner@4.1.97 OK for: pm2@6.0.14 want: 4.1.97
150 silly placeDep node_modules/pm2 dayjs@1.11.15 OK for: pm2@6.0.14 want: 1.11.15
151 silly placeDep node_modules/pm2 debug@4.4.3 OK for: pm2@6.0.14 want: 4.4.3
152 silly placeDep node_modules/pm2 enquirer@2.3.6 OK for: pm2@6.0.14 want: 2.3.6
153 silly placeDep node_modules/pm2 eventemitter2@5.0.1 OK for: pm2@6.0.14 want: 5.0.1
154 silly placeDep node_modules/pm2 fclone@1.0.11 OK for: pm2@6.0.14 want: 1.0.11
155 silly placeDep node_modules/pm2 js-yaml@4.1.1 OK for: pm2@6.0.14 want: 4.1.1
156 silly placeDep node_modules/pm2 mkdirp@1.0.4 OK for: pm2@6.0.14 want: 1.0.4
157 silly placeDep node_modules/pm2 needle@2.4.0 OK for: pm2@6.0.14 want: 2.4.0
158 silly placeDep node_modules/pm2 pidusage@3.0.2 OK for: pm2@6.0.14 want: 3.0.2
159 silly placeDep node_modules/pm2 pm2-axon@4.0.1 OK for: pm2@6.0.14 want: ~4.0.1
160 silly placeDep node_modules/pm2 pm2-axon-rpc@0.7.1 OK for: pm2@6.0.14 want: ~0.7.1
161 silly placeDep node_modules/pm2 pm2-deploy@1.0.2 OK for: pm2@6.0.14 want: ~1.0.2
162 silly placeDep node_modules/pm2 pm2-multimeter@0.1.2 OK for: pm2@6.0.14 want: ^0.1.2
163 silly placeDep node_modules/pm2 pm2-sysmonit@1.2.8 OK for: pm2@6.0.14 want: ^1.2.8
164 silly placeDep node_modules/pm2 promptly@2.2.0 OK for: pm2@6.0.14 want: 2.2.0
165 silly placeDep node_modules/pm2 semver@7.7.2 OK for: pm2@6.0.14 want: 7.7.2
166 silly placeDep node_modules/pm2 source-map-support@0.5.21 OK for: pm2@6.0.14 want: 0.5.21
167 silly placeDep node_modules/pm2 sprintf-js@1.1.2 OK for: pm2@6.0.14 want: 1.1.2
168 silly placeDep node_modules/pm2 vizion@2.2.1 OK for: pm2@6.0.14 want: ~2.2.1
169 silly fetch manifest async@~3.2.0
170 silly packumentCache full:https://registry.npmjs.org/async cache-hit
171 silly fetch manifest chalk@~3.0.0
172 silly packumentCache full:https://registry.npmjs.org/chalk cache-miss
173 silly fetch manifest dayjs@~1.8.24
174 silly packumentCache full:https://registry.npmjs.org/dayjs cache-hit
175 silly fetch manifest debug@~4.3.1
176 silly packumentCache full:https://registry.npmjs.org/debug cache-hit
177 silly fetch manifest eventemitter2@~5.0.1
178 silly packumentCache full:https://registry.npmjs.org/eventemitter2 cache-miss
179 silly fetch manifest fast-json-patch@^3.1.0
180 silly packumentCache full:https://registry.npmjs.org/fast-json-patch cache-miss
181 silly fetch manifest fclone@~1.0.11
182 silly packumentCache full:https://registry.npmjs.org/fclone cache-miss
183 silly fetch manifest pm2-axon-rpc@~0.7.0
184 silly packumentCache full:https://registry.npmjs.org/pm2-axon-rpc cache-miss
185 silly fetch manifest proxy-agent@~6.4.0
186 silly packumentCache full:https://registry.npmjs.org/proxy-agent cache-miss
187 silly fetch manifest semver@~7.5.0
188 silly packumentCache full:https://registry.npmjs.org/semver cache-miss
189 silly fetch manifest ws@~7.5.10
190 silly packumentCache full:https://registry.npmjs.org/ws cache-miss
191 http cache https://registry.npmjs.org/eventemitter2 31ms (cache hit)
192 silly packumentCache full:https://registry.npmjs.org/eventemitter2 set size:172525 disposed:false
193 silly fetch manifest async@~2.6.1
194 silly packumentCache full:https://registry.npmjs.org/async cache-hit
195 silly fetch manifest eventemitter2@^6.3.1
196 silly packumentCache full:https://registry.npmjs.org/eventemitter2 cache-hit
197 silly fetch manifest require-in-the-middle@^5.0.0
198 silly packumentCache full:https://registry.npmjs.org/require-in-the-middle cache-miss
199 http cache https://registry.npmjs.org/semver 31ms (cache hit)
200 silly packumentCache full:https://registry.npmjs.org/semver set size:229678 disposed:false
201 silly fetch manifest semver@~7.5.4
202 silly packumentCache full:https://registry.npmjs.org/semver cache-hit
203 silly fetch manifest shimmer@^1.2.0
204 silly packumentCache full:https://registry.npmjs.org/shimmer cache-miss
205 http cache https://registry.npmjs.org/pm2-axon-rpc 41ms (cache hit)
206 silly packumentCache full:https://registry.npmjs.org/pm2-axon-rpc set size:41743 disposed:false
207 silly fetch manifest signal-exit@^3.0.3
208 silly packumentCache full:https://registry.npmjs.org/signal-exit cache-miss
209 http cache https://registry.npmjs.org/fclone 47ms (cache hit)
210 silly packumentCache full:https://registry.npmjs.org/fclone set size:19653 disposed:false
211 silly fetch manifest tslib@1.9.3
212 silly packumentCache full:https://registry.npmjs.org/tslib cache-miss
213 http fetch GET 200 https://registry.npmjs.org/chalk 195ms (cache revalidated)
214 silly packumentCache full:https://registry.npmjs.org/chalk set size:117861 disposed:false
215 silly fetch manifest async@^2.6.3
216 silly packumentCache full:https://registry.npmjs.org/async cache-hit
217 silly fetch manifest extrareqp2@^1.0.0
218 silly packumentCache full:https://registry.npmjs.org/extrareqp2 cache-miss
219 http fetch GET 200 https://registry.npmjs.org/ws 194ms (cache revalidated)
220 silly packumentCache full:https://registry.npmjs.org/ws set size:413307 disposed:false
221 silly fetch manifest ws@^7.0.0
222 silly packumentCache full:https://registry.npmjs.org/ws cache-hit
223 silly fetch manifest debug@^4.3.1
224 silly packumentCache full:https://registry.npmjs.org/debug cache-hit
225 silly fetch manifest braces@~3.0.2
226 silly packumentCache full:https://registry.npmjs.org/braces cache-miss
227 http fetch GET 200 https://registry.npmjs.org/require-in-the-middle 196ms (cache revalidated)
228 silly packumentCache full:https://registry.npmjs.org/require-in-the-middle set size:87691 disposed:false
229 silly fetch manifest is-glob@~4.0.1
230 silly packumentCache full:https://registry.npmjs.org/is-glob cache-miss
231 http fetch GET 200 https://registry.npmjs.org/signal-exit 188ms (cache revalidated)
232 silly packumentCache full:https://registry.npmjs.org/signal-exit set size:53489 disposed:false
233 silly fetch manifest anymatch@~3.1.2
234 silly packumentCache full:https://registry.npmjs.org/anymatch cache-miss
235 http fetch GET 200 https://registry.npmjs.org/shimmer 196ms (cache revalidated)
236 silly packumentCache full:https://registry.npmjs.org/shimmer set size:22336 disposed:false
237 silly fetch manifest readdirp@~3.6.0
238 silly packumentCache full:https://registry.npmjs.org/readdirp cache-miss
239 http fetch GET 200 https://registry.npmjs.org/tslib 193ms (cache revalidated)
240 silly packumentCache full:https://registry.npmjs.org/tslib set size:108760 disposed:false
241 silly fetch manifest glob-parent@~5.1.2
242 silly packumentCache full:https://registry.npmjs.org/glob-parent cache-miss
243 http fetch GET 200 https://registry.npmjs.org/fast-json-patch 246ms (cache miss)
244 silly packumentCache full:https://registry.npmjs.org/fast-json-patch set size:undefined disposed:false
245 silly fetch manifest is-binary-path@~2.1.0
246 silly packumentCache full:https://registry.npmjs.org/is-binary-path cache-miss
247 http fetch GET 200 https://registry.npmjs.org/proxy-agent 245ms (cache revalidated)
248 silly packumentCache full:https://registry.npmjs.org/proxy-agent set size:70579 disposed:false
249 silly fetch manifest normalize-path@~3.0.0
250 silly packumentCache full:https://registry.npmjs.org/normalize-path cache-miss
251 http fetch GET 200 https://registry.npmjs.org/extrareqp2 178ms (cache miss)
252 silly packumentCache full:https://registry.npmjs.org/extrareqp2 set size:undefined disposed:false
253 silly fetch manifest fsevents@~2.3.2
254 silly packumentCache full:https://registry.npmjs.org/fsevents cache-miss
255 http fetch GET 200 https://registry.npmjs.org/is-binary-path 178ms (cache revalidated)
256 silly packumentCache full:https://registry.npmjs.org/is-binary-path set size:13475 disposed:false
257 silly fetch manifest chalk@3.0.0
258 silly packumentCache full:https://registry.npmjs.org/chalk cache-hit
259 silly fetch manifest ms@^2.1.3
260 silly packumentCache full:https://registry.npmjs.org/ms cache-miss
261 http fetch GET 200 https://registry.npmjs.org/readdirp 194ms (cache revalidated)
262 silly packumentCache full:https://registry.npmjs.org/readdirp set size:107589 disposed:false
263 silly fetch manifest ansi-colors@^4.1.1
264 silly packumentCache full:https://registry.npmjs.org/ansi-colors cache-miss
265 http fetch GET 200 https://registry.npmjs.org/braces 227ms (cache revalidated)
266 silly packumentCache full:https://registry.npmjs.org/braces set size:114529 disposed:false
267 silly fetch manifest argparse@^2.0.1
268 silly packumentCache full:https://registry.npmjs.org/argparse cache-miss
269 http fetch GET 200 https://registry.npmjs.org/is-glob 232ms (cache revalidated)
270 silly packumentCache full:https://registry.npmjs.org/is-glob set size:40530 disposed:false
271 silly fetch manifest debug@^3.2.6
272 silly packumentCache full:https://registry.npmjs.org/debug cache-hit
273 silly fetch manifest iconv-lite@^0.4.4
274 silly packumentCache full:https://registry.npmjs.org/iconv-lite cache-miss
275 http fetch GET 200 https://registry.npmjs.org/anymatch 232ms (cache revalidated)
276 silly packumentCache full:https://registry.npmjs.org/anymatch set size:42974 disposed:false
277 silly fetch manifest sax@^1.2.4
278 silly packumentCache full:https://registry.npmjs.org/sax cache-miss
279 http fetch GET 200 https://registry.npmjs.org/glob-parent 229ms (cache revalidated)
280 silly packumentCache full:https://registry.npmjs.org/glob-parent set size:42445 disposed:false
281 silly fetch manifest safe-buffer@^5.2.1
282 silly packumentCache full:https://registry.npmjs.org/safe-buffer cache-miss
283 http fetch GET 200 https://registry.npmjs.org/fsevents 177ms (cache revalidated)
284 silly packumentCache full:https://registry.npmjs.org/fsevents set size:182472 disposed:false
285 silly fetch manifest amp@~0.3.1
286 silly packumentCache full:https://registry.npmjs.org/amp cache-miss
287 http fetch GET 200 https://registry.npmjs.org/ms 182ms (cache revalidated)
288 silly packumentCache full:https://registry.npmjs.org/ms set size:92208 disposed:false
289 silly fetch manifest amp-message@~0.1.1
290 silly packumentCache full:https://registry.npmjs.org/amp-message cache-miss
291 http fetch GET 200 https://registry.npmjs.org/argparse 188ms (cache revalidated)
292 silly packumentCache full:https://registry.npmjs.org/argparse set size:49266 disposed:false
293 silly fetch manifest escape-string-regexp@^4.0.0
294 silly packumentCache full:https://registry.npmjs.org/escape-string-regexp cache-miss
295 http fetch GET 200 https://registry.npmjs.org/ansi-colors 201ms (cache miss)
296 silly packumentCache full:https://registry.npmjs.org/ansi-colors set size:undefined disposed:false
297 silly fetch manifest run-series@^1.1.8
298 silly packumentCache full:https://registry.npmjs.org/run-series cache-miss
299 http fetch GET 200 https://registry.npmjs.org/iconv-lite 182ms (cache revalidated)
300 silly packumentCache full:https://registry.npmjs.org/iconv-lite set size:120557 disposed:false
301 silly fetch manifest tv4@^1.3.0
302 silly packumentCache full:https://registry.npmjs.org/tv4 cache-miss
303 http fetch GET 200 https://registry.npmjs.org/safe-buffer 183ms (cache revalidated)
304 silly packumentCache full:https://registry.npmjs.org/safe-buffer set size:41183 disposed:false
305 silly fetch manifest charm@~0.1.1
306 silly packumentCache full:https://registry.npmjs.org/charm cache-miss
307 http fetch GET 200 https://registry.npmjs.org/sax 195ms (cache updated)
308 silly packumentCache full:https://registry.npmjs.org/sax set size:undefined disposed:false
309 silly fetch manifest pidusage@^2.0.21
310 silly packumentCache full:https://registry.npmjs.org/pidusage cache-miss
311 http cache https://registry.npmjs.org/pidusage 9ms (cache hit)
312 silly packumentCache full:https://registry.npmjs.org/pidusage set size:111034 disposed:false
313 silly fetch manifest systeminformation@^5.7
314 silly packumentCache full:https://registry.npmjs.org/systeminformation cache-miss
315 http fetch GET 200 https://registry.npmjs.org/amp 167ms (cache miss)
316 silly packumentCache full:https://registry.npmjs.org/amp set size:undefined disposed:false
317 silly fetch manifest tx2@~1.0.4
318 silly packumentCache full:https://registry.npmjs.org/tx2 cache-miss
319 http fetch GET 200 https://registry.npmjs.org/amp-message 154ms (cache miss)
320 silly packumentCache full:https://registry.npmjs.org/amp-message set size:undefined disposed:false
321 silly fetch manifest read@^1.0.4
322 silly packumentCache full:https://registry.npmjs.org/read cache-miss
323 http fetch GET 200 https://registry.npmjs.org/tv4 156ms (cache miss)
324 silly packumentCache full:https://registry.npmjs.org/tv4 set size:undefined disposed:false
325 silly fetch manifest buffer-from@^1.0.0
326 silly packumentCache full:https://registry.npmjs.org/buffer-from cache-miss
327 http fetch GET 200 https://registry.npmjs.org/escape-string-regexp 174ms (cache revalidated)
328 silly packumentCache full:https://registry.npmjs.org/escape-string-regexp set size:22244 disposed:false
329 silly fetch manifest source-map@^0.6.0
330 silly packumentCache full:https://registry.npmjs.org/source-map cache-miss
331 http fetch GET 200 https://registry.npmjs.org/tx2 245ms (cache miss)
332 silly packumentCache full:https://registry.npmjs.org/tx2 set size:undefined disposed:false
333 silly fetch manifest git-node-fs@^1.0.0
334 silly packumentCache full:https://registry.npmjs.org/git-node-fs cache-miss
335 http fetch GET 200 https://registry.npmjs.org/read 300ms (cache miss)
336 silly packumentCache full:https://registry.npmjs.org/read set size:undefined disposed:false
337 silly fetch manifest ini@^1.3.5
338 silly packumentCache full:https://registry.npmjs.org/ini cache-miss
339 http fetch GET 200 https://registry.npmjs.org/run-series 441ms (cache miss)
340 silly packumentCache full:https://registry.npmjs.org/run-series set size:undefined disposed:false
341 silly fetch manifest js-git@^0.7.8
342 silly packumentCache full:https://registry.npmjs.org/js-git cache-miss
343 http fetch GET 200 https://registry.npmjs.org/buffer-from 286ms (cache revalidated)
344 silly packumentCache full:https://registry.npmjs.org/buffer-from set size:15463 disposed:false
345 http fetch GET 200 https://registry.npmjs.org/source-map 353ms (cache revalidated)
346 silly packumentCache full:https://registry.npmjs.org/source-map set size:226141 disposed:false
347 http fetch GET 200 https://registry.npmjs.org/normalize-path 961ms (cache revalidated)
348 silly packumentCache full:https://registry.npmjs.org/normalize-path set size:28713 disposed:false
349 http fetch GET 200 https://registry.npmjs.org/systeminformation 662ms (cache miss)
350 silly packumentCache full:https://registry.npmjs.org/systeminformation set size:undefined disposed:false
351 http fetch GET 200 https://registry.npmjs.org/git-node-fs 430ms (cache miss)
352 silly packumentCache full:https://registry.npmjs.org/git-node-fs set size:undefined disposed:false
353 http fetch GET 200 https://registry.npmjs.org/ini 338ms (cache revalidated)
354 silly packumentCache full:https://registry.npmjs.org/ini set size:57019 disposed:false
355 http fetch GET 200 https://registry.npmjs.org/charm 770ms (cache miss)
356 silly packumentCache full:https://registry.npmjs.org/charm set size:undefined disposed:false
357 http fetch GET 200 https://registry.npmjs.org/js-git 338ms (cache miss)
358 silly packumentCache full:https://registry.npmjs.org/js-git set size:undefined disposed:false
359 silly fetch manifest bufferutil@^4.0.1
360 silly packumentCache full:https://registry.npmjs.org/bufferutil cache-miss
361 http fetch GET 200 https://registry.npmjs.org/bufferutil 163ms (cache revalidated)
362 silly packumentCache full:https://registry.npmjs.org/bufferutil set size:52763 disposed:false
363 silly fetch manifest utf-8-validate@^5.0.2
364 silly packumentCache full:https://registry.npmjs.org/utf-8-validate cache-miss
365 http fetch GET 200 https://registry.npmjs.org/utf-8-validate 173ms (cache revalidated)
366 silly packumentCache full:https://registry.npmjs.org/utf-8-validate set size:77148 disposed:false
367 silly placeDep node_modules/pm2 chalk@3.0.0 OK for: @pm2/agent@2.1.1 want: ~3.0.0
368 silly placeDep node_modules/pm2/node_modules/@pm2/agent dayjs@1.8.36 OK for: @pm2/agent@2.1.1 want: ~1.8.24
369 silly placeDep node_modules/pm2/node_modules/@pm2/agent debug@4.3.7 OK for: @pm2/agent@2.1.1 want: ~4.3.1
370 silly placeDep node_modules/pm2 fast-json-patch@3.1.1 OK for: @pm2/agent@2.1.1 want: ^3.1.0
371 silly placeDep node_modules/pm2 proxy-agent@6.4.0 OK for: @pm2/agent@2.1.1 want: ~6.4.0
372 silly placeDep node_modules/pm2/node_modules/@pm2/agent semver@7.5.4 OK for: @pm2/agent@2.1.1 want: ~7.5.0
373 silly placeDep node_modules/pm2 ws@7.5.10 OK for: @pm2/agent@2.1.1 want: ~7.5.10
374 silly fetch manifest ansi-styles@^4.1.0
375 silly packumentCache full:https://registry.npmjs.org/ansi-styles cache-miss
376 silly fetch manifest supports-color@^7.1.0
377 silly packumentCache full:https://registry.npmjs.org/supports-color cache-miss
378 silly fetch manifest lru-cache@^7.14.1
379 silly packumentCache full:https://registry.npmjs.org/lru-cache cache-miss
380 silly fetch manifest agent-base@^7.0.2
381 silly packumentCache full:https://registry.npmjs.org/agent-base cache-miss
382 silly fetch manifest proxy-from-env@^1.1.0
383 silly packumentCache full:https://registry.npmjs.org/proxy-from-env cache-miss
384 silly fetch manifest pac-proxy-agent@^7.0.1
385 silly packumentCache full:https://registry.npmjs.org/pac-proxy-agent cache-miss
386 silly fetch manifest http-proxy-agent@^7.0.1
387 silly packumentCache full:https://registry.npmjs.org/http-proxy-agent cache-miss
388 silly fetch manifest https-proxy-agent@^7.0.3
389 silly packumentCache full:https://registry.npmjs.org/https-proxy-agent cache-miss
390 http fetch GET 200 https://registry.npmjs.org/supports-color 195ms (cache revalidated)
391 silly packumentCache full:https://registry.npmjs.org/supports-color set size:118680 disposed:false
392 silly fetch manifest socks-proxy-agent@^8.0.2
393 silly packumentCache full:https://registry.npmjs.org/socks-proxy-agent cache-miss
394 http fetch GET 200 https://registry.npmjs.org/ansi-styles 205ms (cache revalidated)
395 silly packumentCache full:https://registry.npmjs.org/ansi-styles set size:63233 disposed:false
396 silly fetch manifest lru-cache@^6.0.0
397 silly packumentCache full:https://registry.npmjs.org/lru-cache cache-miss
398 http fetch GET 200 https://registry.npmjs.org/agent-base 206ms (cache revalidated)
399 silly packumentCache full:https://registry.npmjs.org/agent-base set size:67460 disposed:false
400 http fetch GET 200 https://registry.npmjs.org/lru-cache 211ms (cache revalidated)
401 silly packumentCache full:https://registry.npmjs.org/lru-cache set size:410669 disposed:false
402 http fetch GET 200 https://registry.npmjs.org/pac-proxy-agent 219ms (cache revalidated)
403 silly packumentCache full:https://registry.npmjs.org/pac-proxy-agent set size:59229 disposed:false
404 http fetch GET 200 https://registry.npmjs.org/https-proxy-agent 217ms (cache revalidated)
405 silly packumentCache full:https://registry.npmjs.org/https-proxy-agent set size:76241 disposed:false
406 http fetch GET 200 https://registry.npmjs.org/http-proxy-agent 231ms (cache revalidated)
407 silly packumentCache full:https://registry.npmjs.org/http-proxy-agent set size:50096 disposed:false
408 http cache https://registry.npmjs.org/lru-cache 32ms (cache hit)
409 silly packumentCache full:https://registry.npmjs.org/lru-cache set size:410669 disposed:false
410 silly packumentCache full:https://registry.npmjs.org/lru-cache dispose
411 http fetch GET 200 https://registry.npmjs.org/proxy-from-env 363ms (cache revalidated)
412 silly packumentCache full:https://registry.npmjs.org/proxy-from-env set size:15831 disposed:false
413 http fetch GET 200 https://registry.npmjs.org/socks-proxy-agent 180ms (cache revalidated)
414 silly packumentCache full:https://registry.npmjs.org/socks-proxy-agent set size:96838 disposed:false
415 silly placeDep node_modules/pm2/node_modules/@pm2/io async@2.6.4 OK for: @pm2/io@6.1.0 want: ~2.6.1
416 silly placeDep node_modules/pm2/node_modules/@pm2/io debug@4.3.7 OK for: @pm2/io@6.1.0 want: ~4.3.1
417 silly placeDep node_modules/pm2/node_modules/@pm2/io eventemitter2@6.4.9 OK for: @pm2/io@6.1.0 want: ^6.3.1
418 silly placeDep node_modules/pm2 require-in-the-middle@5.2.0 OK for: @pm2/io@6.1.0 want: ^5.0.0
419 silly placeDep node_modules/pm2/node_modules/@pm2/io semver@7.5.4 OK for: @pm2/io@6.1.0 want: ~7.5.4
420 silly placeDep node_modules/pm2 shimmer@1.2.1 OK for: @pm2/io@6.1.0 want: ^1.2.0
421 silly placeDep node_modules/pm2 signal-exit@3.0.7 OK for: @pm2/io@6.1.0 want: ^3.0.3
422 silly placeDep node_modules/pm2 tslib@1.9.3 OK for: @pm2/io@6.1.0 want: 1.9.3
423 silly fetch manifest lodash@^4.17.14
424 silly packumentCache full:https://registry.npmjs.org/lodash cache-miss
425 silly fetch manifest resolve@^1.22.1
426 silly packumentCache full:https://registry.npmjs.org/resolve cache-miss
427 silly fetch manifest module-details-from-path@^1.0.3
428 silly packumentCache full:https://registry.npmjs.org/module-details-from-path cache-miss
429 http fetch GET 200 https://registry.npmjs.org/resolve 189ms (cache revalidated)
430 silly packumentCache full:https://registry.npmjs.org/resolve set size:246681 disposed:false
431 http fetch GET 200 https://registry.npmjs.org/module-details-from-path 198ms (cache revalidated)
432 silly packumentCache full:https://registry.npmjs.org/module-details-from-path set size:10793 disposed:false
433 http fetch GET 200 https://registry.npmjs.org/lodash 209ms (cache updated)
434 silly packumentCache full:https://registry.npmjs.org/lodash set size:undefined disposed:false
435 silly placeDep node_modules/pm2/node_modules/@pm2/js-api async@2.6.4 OK for: @pm2/js-api@0.8.0 want: ^2.6.3
436 silly placeDep node_modules/pm2/node_modules/@pm2/js-api debug@4.3.7 OK for: @pm2/js-api@0.8.0 want: ~4.3.1
437 silly placeDep node_modules/pm2/node_modules/@pm2/js-api eventemitter2@6.4.9 OK for: @pm2/js-api@0.8.0 want: ^6.3.1
438 silly placeDep node_modules/pm2 extrareqp2@1.0.0 OK for: @pm2/js-api@0.8.0 want: ^1.0.0
439 silly fetch manifest follow-redirects@^1.14.0
440 silly packumentCache full:https://registry.npmjs.org/follow-redirects cache-miss
441 http fetch GET 200 https://registry.npmjs.org/follow-redirects 186ms (cache revalidated)
442 silly packumentCache full:https://registry.npmjs.org/follow-redirects set size:186700 disposed:false
443 silly placeDep node_modules/pm2 ansi-styles@4.3.0 OK for: chalk@3.0.0 want: ^4.1.0
444 silly placeDep node_modules/pm2 supports-color@7.2.0 OK for: chalk@3.0.0 want: ^7.1.0
445 silly fetch manifest color-convert@^2.0.1
446 silly packumentCache full:https://registry.npmjs.org/color-convert cache-miss
447 silly fetch manifest has-flag@^4.0.0
448 silly packumentCache full:https://registry.npmjs.org/has-flag cache-miss
449 http fetch GET 200 https://registry.npmjs.org/has-flag 194ms (cache revalidated)
450 silly packumentCache full:https://registry.npmjs.org/has-flag set size:15180 disposed:false
451 http fetch GET 200 https://registry.npmjs.org/color-convert 204ms (cache revalidated)
452 silly packumentCache full:https://registry.npmjs.org/color-convert set size:72663 disposed:false
453 silly placeDep node_modules/pm2 color-convert@2.0.1 OK for: ansi-styles@4.3.0 want: ^2.0.1
454 silly fetch manifest color-name@~1.1.4
455 silly packumentCache full:https://registry.npmjs.org/color-name cache-miss
456 http fetch GET 200 https://registry.npmjs.org/color-name 168ms (cache revalidated)
457 silly packumentCache full:https://registry.npmjs.org/color-name set size:19467 disposed:false
458 silly placeDep node_modules/pm2 anymatch@3.1.3 OK for: chokidar@3.6.0 want: ~3.1.2
459 silly placeDep node_modules/pm2 braces@3.0.3 OK for: chokidar@3.6.0 want: ~3.0.2
460 silly placeDep node_modules/pm2 fsevents@2.3.3 OK for: chokidar@3.6.0 want: ~2.3.2
461 silly placeDep node_modules/pm2 glob-parent@5.1.2 OK for: chokidar@3.6.0 want: ~5.1.2
462 silly placeDep node_modules/pm2 is-binary-path@2.1.0 OK for: chokidar@3.6.0 want: ~2.1.0
463 silly placeDep node_modules/pm2 is-glob@4.0.3 OK for: chokidar@3.6.0 want: ~4.0.1
464 silly placeDep node_modules/pm2 normalize-path@3.0.0 OK for: chokidar@3.6.0 want: ~3.0.0
465 silly placeDep node_modules/pm2 readdirp@3.6.0 OK for: chokidar@3.6.0 want: ~3.6.0
466 silly fetch manifest picomatch@^2.0.4
467 silly packumentCache full:https://registry.npmjs.org/picomatch cache-miss
468 silly fetch manifest normalize-path@^3.0.0
469 silly packumentCache full:https://registry.npmjs.org/normalize-path cache-hit
470 silly fetch manifest fill-range@^7.1.1
471 silly packumentCache full:https://registry.npmjs.org/fill-range cache-miss
472 silly fetch manifest is-glob@^4.0.1
473 silly packumentCache full:https://registry.npmjs.org/is-glob cache-hit
474 silly fetch manifest binary-extensions@^2.0.0
475 silly packumentCache full:https://registry.npmjs.org/binary-extensions cache-miss
476 silly fetch manifest is-extglob@^2.1.1
477 silly packumentCache full:https://registry.npmjs.org/is-extglob cache-miss
478 silly fetch manifest picomatch@^2.2.1
479 silly packumentCache full:https://registry.npmjs.org/picomatch cache-miss
480 http fetch GET 200 https://registry.npmjs.org/is-extglob 174ms (cache revalidated)
481 silly packumentCache full:https://registry.npmjs.org/is-extglob set size:11766 disposed:false
482 http fetch GET 200 https://registry.npmjs.org/picomatch 185ms (cache revalidated)
483 silly packumentCache full:https://registry.npmjs.org/picomatch set size:118818 disposed:false
484 http fetch GET 200 https://registry.npmjs.org/picomatch 186ms (cache revalidated)
485 silly packumentCache full:https://registry.npmjs.org/picomatch set size:118818 disposed:false
486 silly packumentCache full:https://registry.npmjs.org/picomatch dispose
487 http fetch GET 200 https://registry.npmjs.org/binary-extensions 192ms (cache revalidated)
488 silly packumentCache full:https://registry.npmjs.org/binary-extensions set size:51551 disposed:false
489 http fetch GET 200 https://registry.npmjs.org/fill-range 216ms (cache revalidated)
490 silly packumentCache full:https://registry.npmjs.org/fill-range set size:90212 disposed:false
491 silly placeDep node_modules/pm2 picomatch@2.3.1 OK for: anymatch@3.1.3 want: ^2.0.4
492 silly placeDep node_modules/pm2 fill-range@7.1.1 OK for: braces@3.0.3 want: ^7.1.1
493 silly fetch manifest to-regex-range@^5.0.1
494 silly packumentCache full:https://registry.npmjs.org/to-regex-range cache-miss
495 http fetch GET 200 https://registry.npmjs.org/to-regex-range 172ms (cache revalidated)
496 silly packumentCache full:https://registry.npmjs.org/to-regex-range set size:61569 disposed:false
497 silly placeDep node_modules/pm2 color-name@1.1.4 OK for: color-convert@2.0.1 want: ~1.1.4
498 silly placeDep node_modules/pm2 ms@2.1.3 OK for: debug@4.4.3 want: ^2.1.3
499 silly placeDep node_modules/pm2 ansi-colors@4.1.3 OK for: enquirer@2.3.6 want: ^4.1.1
500 silly placeDep node_modules/pm2 follow-redirects@1.15.11 OK for: extrareqp2@1.0.0 want: ^1.14.0
501 silly placeDep node_modules/pm2 to-regex-range@5.0.1 OK for: fill-range@7.1.1 want: ^5.0.1
502 silly fetch manifest is-number@^7.0.0
503 silly packumentCache full:https://registry.npmjs.org/is-number cache-miss
504 http fetch GET 200 https://registry.npmjs.org/is-number 689ms (cache revalidated)
505 silly packumentCache full:https://registry.npmjs.org/is-number set size:36183 disposed:false
506 silly placeDep node_modules/pm2 binary-extensions@2.3.0 OK for: is-binary-path@2.1.0 want: ^2.0.0
507 silly placeDep node_modules/pm2 is-extglob@2.1.1 OK for: is-glob@4.0.3 want: ^2.1.1
508 silly placeDep node_modules/pm2 argparse@2.0.1 OK for: js-yaml@4.1.1 want: ^2.0.1
509 silly placeDep node_modules/pm2/node_modules/needle debug@3.2.7 OK for: needle@2.4.0 want: ^3.2.6
510 silly placeDep node_modules/pm2 iconv-lite@0.4.24 OK for: needle@2.4.0 want: ^0.4.4
511 silly placeDep node_modules/pm2 sax@1.4.4 OK for: needle@2.4.0 want: ^1.2.4
512 silly fetch manifest safer-buffer@>= 2.1.2 < 3
513 silly packumentCache full:https://registry.npmjs.org/safer-buffer cache-miss
514 http fetch GET 200 https://registry.npmjs.org/safer-buffer 176ms (cache revalidated)
515 silly packumentCache full:https://registry.npmjs.org/safer-buffer set size:18521 disposed:false
516 silly placeDep node_modules/pm2 safer-buffer@2.1.2 OK for: iconv-lite@0.4.24 want: >= 2.1.2 < 3
517 silly placeDep node_modules/pm2 safe-buffer@5.2.1 OK for: pidusage@3.0.2 want: ^5.2.1
518 silly placeDep node_modules/pm2 amp@0.3.1 OK for: pm2-axon@4.0.1 want: ~0.3.1
519 silly placeDep node_modules/pm2 amp-message@0.1.2 OK for: pm2-axon@4.0.1 want: ~0.1.1
520 silly placeDep node_modules/pm2 escape-string-regexp@4.0.0 OK for: pm2-axon@4.0.1 want: ^4.0.0
521 silly placeDep node_modules/pm2 run-series@1.1.9 OK for: pm2-deploy@1.0.2 want: ^1.1.8
522 silly placeDep node_modules/pm2 tv4@1.3.0 OK for: pm2-deploy@1.0.2 want: ^1.3.0
523 silly placeDep node_modules/pm2 charm@0.1.2 OK for: pm2-multimeter@0.1.2 want: ~0.1.1
524 silly placeDep node_modules/pm2/node_modules/pm2-sysmonit pidusage@2.0.21 OK for: pm2-sysmonit@1.2.8 want: ^2.0.21
525 silly placeDep node_modules/pm2 systeminformation@5.30.7 OK for: pm2-sysmonit@1.2.8 want: ^5.7
526 silly placeDep node_modules/pm2 tx2@1.0.5 OK for: pm2-sysmonit@1.2.8 want: ~1.0.4
527 silly fetch manifest json-stringify-safe@^5.0.1
528 silly packumentCache full:https://registry.npmjs.org/json-stringify-safe cache-miss
529 http fetch GET 200 https://registry.npmjs.org/json-stringify-safe 158ms (cache miss)
530 silly packumentCache full:https://registry.npmjs.org/json-stringify-safe set size:undefined disposed:false
531 silly placeDep node_modules/pm2 read@1.0.7 OK for: promptly@2.2.0 want: ^1.0.4
532 silly fetch manifest mute-stream@~0.0.4
533 silly packumentCache full:https://registry.npmjs.org/mute-stream cache-miss
534 http fetch GET 200 https://registry.npmjs.org/mute-stream 184ms (cache miss)
535 silly packumentCache full:https://registry.npmjs.org/mute-stream set size:undefined disposed:false
536 silly placeDep node_modules/pm2 agent-base@7.1.4 OK for: proxy-agent@6.4.0 want: ^7.0.2
537 silly placeDep node_modules/pm2 http-proxy-agent@7.0.2 OK for: proxy-agent@6.4.0 want: ^7.0.1
538 silly placeDep node_modules/pm2 https-proxy-agent@7.0.6 OK for: proxy-agent@6.4.0 want: ^7.0.3
539 silly placeDep node_modules/pm2 lru-cache@7.18.3 OK for: proxy-agent@6.4.0 want: ^7.14.1
540 silly placeDep node_modules/pm2 pac-proxy-agent@7.2.0 OK for: proxy-agent@6.4.0 want: ^7.0.1
541 silly placeDep node_modules/pm2 proxy-from-env@1.1.0 OK for: proxy-agent@6.4.0 want: ^1.1.0
542 silly placeDep node_modules/pm2 socks-proxy-agent@8.0.5 OK for: proxy-agent@6.4.0 want: ^8.0.2
543 silly fetch manifest @tootallnate/quickjs-emscripten@^0.23.0
544 silly packumentCache full:https://registry.npmjs.org/@tootallnate%2fquickjs-emscripten cache-miss
545 silly fetch manifest get-uri@^6.0.1
546 silly packumentCache full:https://registry.npmjs.org/get-uri cache-miss
547 silly fetch manifest pac-resolver@^7.0.1
548 silly packumentCache full:https://registry.npmjs.org/pac-resolver cache-miss
549 silly fetch manifest socks-proxy-agent@^8.0.5
550 silly packumentCache full:https://registry.npmjs.org/socks-proxy-agent cache-hit
551 silly fetch manifest socks@^2.8.3
552 silly packumentCache full:https://registry.npmjs.org/socks cache-miss
553 http fetch GET 200 https://registry.npmjs.org/pac-resolver 183ms (cache revalidated)
554 silly packumentCache full:https://registry.npmjs.org/pac-resolver set size:54112 disposed:false
555 http fetch GET 200 https://registry.npmjs.org/get-uri 197ms (cache revalidated)
556 silly packumentCache full:https://registry.npmjs.org/get-uri set size:57591 disposed:false
557 http fetch GET 200 https://registry.npmjs.org/socks 200ms (cache revalidated)
558 silly packumentCache full:https://registry.npmjs.org/socks set size:168523 disposed:false
559 http fetch GET 200 https://registry.npmjs.org/@tootallnate%2fquickjs-emscripten 213ms (cache revalidated)
560 silly packumentCache full:https://registry.npmjs.org/@tootallnate%2fquickjs-emscripten set size:27622 disposed:false
561 silly placeDep node_modules/pm2 @tootallnate/quickjs-emscripten@0.23.0 OK for: pac-proxy-agent@7.2.0 want: ^0.23.0
562 silly placeDep node_modules/pm2 get-uri@6.0.5 OK for: pac-proxy-agent@7.2.0 want: ^6.0.1
563 silly placeDep node_modules/pm2 pac-resolver@7.0.1 OK for: pac-proxy-agent@7.2.0 want: ^7.0.1
564 silly fetch manifest basic-ftp@^5.0.2
565 silly packumentCache full:https://registry.npmjs.org/basic-ftp cache-miss
566 silly fetch manifest data-uri-to-buffer@^6.0.2
567 silly packumentCache full:https://registry.npmjs.org/data-uri-to-buffer cache-miss
568 silly fetch manifest degenerator@^5.0.0
569 silly packumentCache full:https://registry.npmjs.org/degenerator cache-miss
570 silly fetch manifest netmask@^2.0.2
571 silly packumentCache full:https://registry.npmjs.org/netmask cache-miss
572 http fetch GET 200 https://registry.npmjs.org/netmask 173ms (cache revalidated)
573 silly packumentCache full:https://registry.npmjs.org/netmask set size:21537 disposed:false
574 http fetch GET 200 https://registry.npmjs.org/data-uri-to-buffer 180ms (cache revalidated)
575 silly packumentCache full:https://registry.npmjs.org/data-uri-to-buffer set size:43253 disposed:false
576 http fetch GET 200 https://registry.npmjs.org/degenerator 184ms (cache revalidated)
577 silly packumentCache full:https://registry.npmjs.org/degenerator set size:71179 disposed:false
578 http fetch GET 200 https://registry.npmjs.org/basic-ftp 191ms (cache revalidated)
579 silly packumentCache full:https://registry.npmjs.org/basic-ftp set size:274853 disposed:false
580 silly placeDep node_modules/pm2 basic-ftp@5.1.0 OK for: get-uri@6.0.5 want: ^5.0.2
581 silly placeDep node_modules/pm2 data-uri-to-buffer@6.0.2 OK for: get-uri@6.0.5 want: ^6.0.2
582 silly placeDep node_modules/pm2 degenerator@5.0.1 OK for: pac-resolver@7.0.1 want: ^5.0.0
583 silly placeDep node_modules/pm2 netmask@2.0.2 OK for: pac-resolver@7.0.1 want: ^2.0.2
584 silly fetch manifest ast-types@^0.13.4
585 silly packumentCache full:https://registry.npmjs.org/ast-types cache-miss
586 silly fetch manifest escodegen@^2.1.0
587 silly packumentCache full:https://registry.npmjs.org/escodegen cache-miss
588 silly fetch manifest esprima@^4.0.1
589 silly packumentCache full:https://registry.npmjs.org/esprima cache-miss
590 http fetch GET 200 https://registry.npmjs.org/escodegen 187ms (cache revalidated)
591 silly packumentCache full:https://registry.npmjs.org/escodegen set size:119723 disposed:false
592 http fetch GET 200 https://registry.npmjs.org/esprima 194ms (cache revalidated)
593 silly packumentCache full:https://registry.npmjs.org/esprima set size:118410 disposed:false
594 http fetch GET 200 https://registry.npmjs.org/ast-types 203ms (cache revalidated)
595 silly packumentCache full:https://registry.npmjs.org/ast-types set size:443020 disposed:false
596 silly placeDep node_modules/pm2 ast-types@0.13.4 OK for: degenerator@5.0.1 want: ^0.13.4
597 silly placeDep node_modules/pm2 escodegen@2.1.0 OK for: degenerator@5.0.1 want: ^2.1.0
598 silly placeDep node_modules/pm2 esprima@4.0.1 OK for: degenerator@5.0.1 want: ^4.0.1
599 silly fetch manifest tslib@^2.0.1
600 silly packumentCache full:https://registry.npmjs.org/tslib cache-hit
601 silly fetch manifest estraverse@^5.2.0
602 silly packumentCache full:https://registry.npmjs.org/estraverse cache-miss
603 silly fetch manifest esutils@^2.0.2
604 silly packumentCache full:https://registry.npmjs.org/esutils cache-miss
605 silly fetch manifest source-map@~0.6.1
606 silly packumentCache full:https://registry.npmjs.org/source-map cache-hit
607 http fetch GET 200 https://registry.npmjs.org/esutils 183ms (cache revalidated)
608 silly packumentCache full:https://registry.npmjs.org/esutils set size:29522 disposed:false
609 http fetch GET 200 https://registry.npmjs.org/estraverse 188ms (cache revalidated)
610 silly packumentCache full:https://registry.npmjs.org/estraverse set size:62412 disposed:false
611 silly placeDep node_modules/pm2/node_modules/ast-types tslib@2.8.1 OK for: ast-types@0.13.4 want: ^2.0.1
612 silly placeDep node_modules/pm2 estraverse@5.3.0 OK for: escodegen@2.1.0 want: ^5.2.0
613 silly placeDep node_modules/pm2 esutils@2.0.3 OK for: escodegen@2.1.0 want: ^2.0.2
614 silly placeDep node_modules/pm2 source-map@0.6.1 OK for: escodegen@2.1.0 want: ~0.6.1
615 silly placeDep node_modules/pm2 mute-stream@0.0.8 OK for: read@1.0.7 want: ~0.0.4
616 silly placeDep node_modules/pm2 module-details-from-path@1.0.4 OK for: require-in-the-middle@5.2.0 want: ^1.0.3
617 silly placeDep node_modules/pm2 resolve@1.22.11 OK for: require-in-the-middle@5.2.0 want: ^1.22.1
618 silly fetch manifest is-core-module@^2.16.1
619 silly packumentCache full:https://registry.npmjs.org/is-core-module cache-miss
620 silly fetch manifest path-parse@^1.0.7
621 silly packumentCache full:https://registry.npmjs.org/path-parse cache-miss
622 silly fetch manifest supports-preserve-symlinks-flag@^1.0.0
623 silly packumentCache full:https://registry.npmjs.org/supports-preserve-symlinks-flag cache-miss
624 http fetch GET 200 https://registry.npmjs.org/path-parse 166ms (cache revalidated)
625 silly packumentCache full:https://registry.npmjs.org/path-parse set size:14523 disposed:false
626 http fetch GET 200 https://registry.npmjs.org/is-core-module 172ms (cache revalidated)
627 silly packumentCache full:https://registry.npmjs.org/is-core-module set size:71788 disposed:false
628 http fetch GET 200 https://registry.npmjs.org/supports-preserve-symlinks-flag 178ms (cache revalidated)
629 silly packumentCache full:https://registry.npmjs.org/supports-preserve-symlinks-flag set size:6802 disposed:false
630 silly placeDep node_modules/pm2 is-core-module@2.16.1 OK for: resolve@1.22.11 want: ^2.16.1
631 silly placeDep node_modules/pm2 path-parse@1.0.7 OK for: resolve@1.22.11 want: ^1.0.7
632 silly placeDep node_modules/pm2 supports-preserve-symlinks-flag@1.0.0 OK for: resolve@1.22.11 want: ^1.0.0
633 silly fetch manifest hasown@^2.0.2
634 silly packumentCache full:https://registry.npmjs.org/hasown cache-miss
635 http fetch GET 200 https://registry.npmjs.org/hasown 165ms (cache revalidated)
636 silly packumentCache full:https://registry.npmjs.org/hasown set size:12476 disposed:false
637 silly placeDep node_modules/pm2 hasown@2.0.2 OK for: is-core-module@2.16.1 want: ^2.0.2
638 silly fetch manifest function-bind@^1.1.2
639 silly packumentCache full:https://registry.npmjs.org/function-bind cache-miss
640 http fetch GET 200 https://registry.npmjs.org/function-bind 162ms (cache revalidated)
641 silly packumentCache full:https://registry.npmjs.org/function-bind set size:15733 disposed:false
642 silly placeDep node_modules/pm2 function-bind@1.1.2 OK for: hasown@2.0.2 want: ^1.1.2
643 silly placeDep node_modules/pm2 socks@2.8.7 OK for: socks-proxy-agent@8.0.5 want: ^2.8.3
644 silly fetch manifest ip-address@^10.0.1
645 silly packumentCache full:https://registry.npmjs.org/ip-address cache-miss
646 silly fetch manifest smart-buffer@^4.2.0
647 silly packumentCache full:https://registry.npmjs.org/smart-buffer cache-miss
648 http fetch GET 200 https://registry.npmjs.org/smart-buffer 183ms (cache revalidated)
649 silly packumentCache full:https://registry.npmjs.org/smart-buffer set size:87065 disposed:false
650 http fetch GET 200 https://registry.npmjs.org/ip-address 198ms (cache revalidated)
651 silly packumentCache full:https://registry.npmjs.org/ip-address set size:135050 disposed:false
652 silly placeDep node_modules/pm2 ip-address@10.1.0 OK for: socks@2.8.7 want: ^10.0.1
653 silly placeDep node_modules/pm2 smart-buffer@4.2.0 OK for: socks@2.8.7 want: ^4.2.0
654 silly placeDep node_modules/pm2 buffer-from@1.1.2 OK for: source-map-support@0.5.21 want: ^1.0.0
655 silly placeDep node_modules/pm2 has-flag@4.0.0 OK for: supports-color@7.2.0 want: ^4.0.0
656 silly placeDep node_modules/pm2 is-number@7.0.0 OK for: to-regex-range@5.0.1 want: ^7.0.0
657 silly placeDep node_modules/pm2 json-stringify-safe@5.0.1 OK for: tx2@1.0.5 want: ^5.0.1
658 silly placeDep node_modules/pm2/node_modules/vizion async@2.6.4 OK for: vizion@2.2.1 want: ^2.6.3
659 silly placeDep node_modules/pm2 git-node-fs@1.0.0 OK for: vizion@2.2.1 want: ^1.0.0
660 silly placeDep node_modules/pm2 ini@1.3.8 OK for: vizion@2.2.1 want: ^1.3.5
661 silly placeDep node_modules/pm2 js-git@0.7.8 OK for: vizion@2.2.1 want: ^0.7.8
662 silly fetch manifest bodec@^0.1.0
663 silly packumentCache full:https://registry.npmjs.org/bodec cache-miss
664 silly fetch manifest culvert@^0.1.2
665 silly packumentCache full:https://registry.npmjs.org/culvert cache-miss
666 silly fetch manifest git-sha1@^0.1.2
667 silly packumentCache full:https://registry.npmjs.org/git-sha1 cache-miss
668 silly fetch manifest pako@^0.2.5
669 silly packumentCache full:https://registry.npmjs.org/pako cache-miss
670 http fetch GET 200 https://registry.npmjs.org/pako 178ms (cache revalidated)
671 silly packumentCache full:https://registry.npmjs.org/pako set size:74234 disposed:false
672 http fetch GET 200 https://registry.npmjs.org/bodec 189ms (cache miss)
673 silly packumentCache full:https://registry.npmjs.org/bodec set size:undefined disposed:false
674 http fetch GET 200 https://registry.npmjs.org/culvert 191ms (cache miss)
675 silly packumentCache full:https://registry.npmjs.org/culvert set size:undefined disposed:false
676 http fetch GET 200 https://registry.npmjs.org/git-sha1 191ms (cache miss)
677 silly packumentCache full:https://registry.npmjs.org/git-sha1 set size:undefined disposed:false
678 silly placeDep node_modules/pm2 bodec@0.1.0 OK for: js-git@0.7.8 want: ^0.1.0
679 silly placeDep node_modules/pm2 culvert@0.1.2 OK for: js-git@0.7.8 want: ^0.1.2
680 silly placeDep node_modules/pm2 git-sha1@0.1.2 OK for: js-git@0.7.8 want: ^0.1.2
681 silly placeDep node_modules/pm2 pako@0.2.9 OK for: js-git@0.7.8 want: ^0.2.5
682 silly placeDep node_modules/pm2/node_modules/@pm2/agent lru-cache@6.0.0 OK for: semver@7.5.4 want: ^6.0.0
683 silly fetch manifest yallist@^4.0.0
684 silly packumentCache full:https://registry.npmjs.org/yallist cache-miss
685 http fetch GET 200 https://registry.npmjs.org/yallist 166ms (cache revalidated)
686 silly packumentCache full:https://registry.npmjs.org/yallist set size:34610 disposed:false
687 silly placeDep node_modules/pm2 yallist@4.0.0 OK for: lru-cache@6.0.0 want: ^4.0.0
688 silly placeDep node_modules/pm2 lodash@4.17.23 OK for: async@2.6.4 want: ^4.17.14
689 silly placeDep node_modules/pm2/node_modules/@pm2/io lru-cache@6.0.0 OK for: semver@7.5.4 want: ^6.0.0
690 silly reify moves {}
691 http cache lodash@https://registry.npmjs.org/lodash/-/lodash-4.17.23.tgz 0ms (cache hit)
692 http cache yallist@https://registry.npmjs.org/yallist/-/yallist-4.0.0.tgz 0ms (cache hit)
693 http cache culvert@https://registry.npmjs.org/culvert/-/culvert-0.1.2.tgz 0ms (cache hit)
694 http cache pako@https://registry.npmjs.org/pako/-/pako-0.2.9.tgz 0ms (cache hit)
695 http cache bodec@https://registry.npmjs.org/bodec/-/bodec-0.1.0.tgz 0ms (cache hit)
696 http cache git-sha1@https://registry.npmjs.org/git-sha1/-/git-sha1-0.1.2.tgz 0ms (cache hit)
697 http cache pm2@https://registry.npmjs.org/pm2/-/pm2-6.0.14.tgz 0ms (cache hit)
698 http cache ini@https://registry.npmjs.org/ini/-/ini-1.3.8.tgz 0ms (cache hit)
699 http cache is-number@https://registry.npmjs.org/is-number/-/is-number-7.0.0.tgz 0ms (cache hit)
700 http cache js-git@https://registry.npmjs.org/js-git/-/js-git-0.7.8.tgz 0ms (cache hit)
701 http cache json-stringify-safe@https://registry.npmjs.org/json-stringify-safe/-/json-stringify-safe-5.0.1.tgz 0ms (cache hit)
702 http cache buffer-from@https://registry.npmjs.org/buffer-from/-/buffer-from-1.1.2.tgz 0ms (cache hit)
703 http cache has-flag@https://registry.npmjs.org/has-flag/-/has-flag-4.0.0.tgz 0ms (cache hit)
704 http cache smart-buffer@https://registry.npmjs.org/smart-buffer/-/smart-buffer-4.2.0.tgz 0ms (cache hit)
705 http cache git-node-fs@https://registry.npmjs.org/git-node-fs/-/git-node-fs-1.0.0.tgz 0ms (cache hit)
706 http cache function-bind@https://registry.npmjs.org/function-bind/-/function-bind-1.1.2.tgz 0ms (cache hit)
707 http cache hasown@https://registry.npmjs.org/hasown/-/hasown-2.0.2.tgz 0ms (cache hit)
708 http cache supports-preserve-symlinks-flag@https://registry.npmjs.org/supports-preserve-symlinks-flag/-/supports-preserve-symlinks-flag-1.0.0.tgz 0ms (cache hit)
709 http cache ip-address@https://registry.npmjs.org/ip-address/-/ip-address-10.1.0.tgz 0ms (cache hit)
710 http cache path-parse@https://registry.npmjs.org/path-parse/-/path-parse-1.0.7.tgz 0ms (cache hit)
711 http cache is-core-module@https://registry.npmjs.org/is-core-module/-/is-core-module-2.16.1.tgz 0ms (cache hit)
712 http cache resolve@https://registry.npmjs.org/resolve/-/resolve-1.22.11.tgz 0ms (cache hit)
713 http cache module-details-from-path@https://registry.npmjs.org/module-details-from-path/-/module-details-from-path-1.0.4.tgz 0ms (cache hit)
714 http cache socks@https://registry.npmjs.org/socks/-/socks-2.8.7.tgz 0ms (cache hit)
715 http cache mute-stream@https://registry.npmjs.org/mute-stream/-/mute-stream-0.0.8.tgz 0ms (cache hit)
716 http cache estraverse@https://registry.npmjs.org/estraverse/-/estraverse-5.3.0.tgz 0ms (cache hit)
717 http cache source-map@https://registry.npmjs.org/source-map/-/source-map-0.6.1.tgz 0ms (cache hit)
718 http cache esutils@https://registry.npmjs.org/esutils/-/esutils-2.0.3.tgz 0ms (cache hit)
719 http cache esprima@https://registry.npmjs.org/esprima/-/esprima-4.0.1.tgz 0ms (cache hit)
720 http cache escodegen@https://registry.npmjs.org/escodegen/-/escodegen-2.1.0.tgz 0ms (cache hit)
721 http cache tslib@https://registry.npmjs.org/tslib/-/tslib-2.8.1.tgz 0ms (cache hit)
722 http cache netmask@https://registry.npmjs.org/netmask/-/netmask-2.0.2.tgz 0ms (cache hit)
723 http cache degenerator@https://registry.npmjs.org/degenerator/-/degenerator-5.0.1.tgz 0ms (cache hit)
724 http cache ast-types@https://registry.npmjs.org/ast-types/-/ast-types-0.13.4.tgz 0ms (cache hit)
725 http cache data-uri-to-buffer@https://registry.npmjs.org/data-uri-to-buffer/-/data-uri-to-buffer-6.0.2.tgz 0ms (cache hit)
726 http cache basic-ftp@https://registry.npmjs.org/basic-ftp/-/basic-ftp-5.1.0.tgz 0ms (cache hit)
727 http cache get-uri@https://registry.npmjs.org/get-uri/-/get-uri-6.0.5.tgz 0ms (cache hit)
728 http cache pac-resolver@https://registry.npmjs.org/pac-resolver/-/pac-resolver-7.0.1.tgz 0ms (cache hit)
729 http cache @tootallnate/quickjs-emscripten@https://registry.npmjs.org/@tootallnate/quickjs-emscripten/-/quickjs-emscripten-0.23.0.tgz 0ms (cache hit)
730 http cache socks-proxy-agent@https://registry.npmjs.org/socks-proxy-agent/-/socks-proxy-agent-8.0.5.tgz 0ms (cache hit)
731 http cache proxy-from-env@https://registry.npmjs.org/proxy-from-env/-/proxy-from-env-1.1.0.tgz 0ms (cache hit)
732 http cache pac-proxy-agent@https://registry.npmjs.org/pac-proxy-agent/-/pac-proxy-agent-7.2.0.tgz 0ms (cache hit)
733 http cache http-proxy-agent@https://registry.npmjs.org/http-proxy-agent/-/http-proxy-agent-7.0.2.tgz 0ms (cache hit)
734 http cache lru-cache@https://registry.npmjs.org/lru-cache/-/lru-cache-7.18.3.tgz 0ms (cache hit)
735 http cache https-proxy-agent@https://registry.npmjs.org/https-proxy-agent/-/https-proxy-agent-7.0.6.tgz 0ms (cache hit)
736 http cache agent-base@https://registry.npmjs.org/agent-base/-/agent-base-7.1.4.tgz 0ms (cache hit)
737 http cache read@https://registry.npmjs.org/read/-/read-1.0.7.tgz 0ms (cache hit)
738 http cache tx2@https://registry.npmjs.org/tx2/-/tx2-1.0.5.tgz 0ms (cache hit)
739 http cache charm@https://registry.npmjs.org/charm/-/charm-0.1.2.tgz 0ms (cache hit)
740 http cache systeminformation@https://registry.npmjs.org/systeminformation/-/systeminformation-5.30.7.tgz 0ms (cache hit)
741 http cache tv4@https://registry.npmjs.org/tv4/-/tv4-1.3.0.tgz 0ms (cache hit)
742 http cache amp@https://registry.npmjs.org/amp/-/amp-0.3.1.tgz 0ms (cache hit)
743 http cache run-series@https://registry.npmjs.org/run-series/-/run-series-1.1.9.tgz 0ms (cache hit)
744 http cache amp-message@https://registry.npmjs.org/amp-message/-/amp-message-0.1.2.tgz 0ms (cache hit)
745 http cache escape-string-regexp@https://registry.npmjs.org/escape-string-regexp/-/escape-string-regexp-4.0.0.tgz 0ms (cache hit)
746 http cache sax@https://registry.npmjs.org/sax/-/sax-1.4.4.tgz 0ms (cache hit)
747 http cache safer-buffer@https://registry.npmjs.org/safer-buffer/-/safer-buffer-2.1.2.tgz 0ms (cache hit)
748 http cache argparse@https://registry.npmjs.org/argparse/-/argparse-2.0.1.tgz 0ms (cache hit)
749 http cache safe-buffer@https://registry.npmjs.org/safe-buffer/-/safe-buffer-5.2.1.tgz 0ms (cache hit)
750 http cache iconv-lite@https://registry.npmjs.org/iconv-lite/-/iconv-lite-0.4.24.tgz 0ms (cache hit)
751 http cache binary-extensions@https://registry.npmjs.org/binary-extensions/-/binary-extensions-2.3.0.tgz 0ms (cache hit)
752 http cache is-extglob@https://registry.npmjs.org/is-extglob/-/is-extglob-2.1.1.tgz 0ms (cache hit)
753 http cache ansi-colors@https://registry.npmjs.org/ansi-colors/-/ansi-colors-4.1.3.tgz 0ms (cache hit)
754 http cache to-regex-range@https://registry.npmjs.org/to-regex-range/-/to-regex-range-5.0.1.tgz 0ms (cache hit)
755 http cache follow-redirects@https://registry.npmjs.org/follow-redirects/-/follow-redirects-1.15.11.tgz 0ms (cache hit)
756 http cache color-name@https://registry.npmjs.org/color-name/-/color-name-1.1.4.tgz 0ms (cache hit)
757 http cache fill-range@https://registry.npmjs.org/fill-range/-/fill-range-7.1.1.tgz 0ms (cache hit)
758 http cache ms@https://registry.npmjs.org/ms/-/ms-2.1.3.tgz 0ms (cache hit)
759 http cache readdirp@https://registry.npmjs.org/readdirp/-/readdirp-3.6.0.tgz 0ms (cache hit)
760 http cache is-glob@https://registry.npmjs.org/is-glob/-/is-glob-4.0.3.tgz 0ms (cache hit)
761 http cache picomatch@https://registry.npmjs.org/picomatch/-/picomatch-2.3.1.tgz 0ms (cache hit)
762 http cache is-binary-path@https://registry.npmjs.org/is-binary-path/-/is-binary-path-2.1.0.tgz 0ms (cache hit)
763 http cache normalize-path@https://registry.npmjs.org/normalize-path/-/normalize-path-3.0.0.tgz 0ms (cache hit)
764 http cache anymatch@https://registry.npmjs.org/anymatch/-/anymatch-3.1.3.tgz 0ms (cache hit)
765 http cache color-convert@https://registry.npmjs.org/color-convert/-/color-convert-2.0.1.tgz 0ms (cache hit)
766 http cache braces@https://registry.npmjs.org/braces/-/braces-3.0.3.tgz 0ms (cache hit)
767 http cache supports-color@https://registry.npmjs.org/supports-color/-/supports-color-7.2.0.tgz 0ms (cache hit)
768 http cache ansi-styles@https://registry.npmjs.org/ansi-styles/-/ansi-styles-4.3.0.tgz 0ms (cache hit)
769 http cache extrareqp2@https://registry.npmjs.org/extrareqp2/-/extrareqp2-1.0.0.tgz 0ms (cache hit)
770 http cache glob-parent@https://registry.npmjs.org/glob-parent/-/glob-parent-5.1.2.tgz 0ms (cache hit)
771 http cache signal-exit@https://registry.npmjs.org/signal-exit/-/signal-exit-3.0.7.tgz 0ms (cache hit)
772 http cache require-in-the-middle@https://registry.npmjs.org/require-in-the-middle/-/require-in-the-middle-5.2.0.tgz 0ms (cache hit)
773 http cache tslib@https://registry.npmjs.org/tslib/-/tslib-1.9.3.tgz 0ms (cache hit)
774 http cache fast-json-patch@https://registry.npmjs.org/fast-json-patch/-/fast-json-patch-3.1.1.tgz 0ms (cache hit)
775 http cache ws@https://registry.npmjs.org/ws/-/ws-7.5.10.tgz 0ms (cache hit)
776 http cache chalk@https://registry.npmjs.org/chalk/-/chalk-3.0.0.tgz 0ms (cache hit)
777 http cache proxy-agent@https://registry.npmjs.org/proxy-agent/-/proxy-agent-6.4.0.tgz 0ms (cache hit)
778 http cache async@https://registry.npmjs.org/async/-/async-2.6.4.tgz 0ms (cache hit)
779 http cache vizion@https://registry.npmjs.org/vizion/-/vizion-2.2.1.tgz 0ms (cache hit)
780 http cache sprintf-js@https://registry.npmjs.org/sprintf-js/-/sprintf-js-1.1.2.tgz 0ms (cache hit)
781 http cache source-map-support@https://registry.npmjs.org/source-map-support/-/source-map-support-0.5.21.tgz 0ms (cache hit)
782 http cache promptly@https://registry.npmjs.org/promptly/-/promptly-2.2.0.tgz 0ms (cache hit)
783 http cache shimmer@https://registry.npmjs.org/shimmer/-/shimmer-1.2.1.tgz 0ms (cache hit)
784 http cache pm2-sysmonit@https://registry.npmjs.org/pm2-sysmonit/-/pm2-sysmonit-1.2.8.tgz 0ms (cache hit)
785 http cache pm2-multimeter@https://registry.npmjs.org/pm2-multimeter/-/pm2-multimeter-0.1.2.tgz 0ms (cache hit)
786 http cache pm2-deploy@https://registry.npmjs.org/pm2-deploy/-/pm2-deploy-1.0.2.tgz 0ms (cache hit)
787 http cache pidusage@https://registry.npmjs.org/pidusage/-/pidusage-2.0.21.tgz 0ms (cache hit)
788 http cache pm2-axon-rpc@https://registry.npmjs.org/pm2-axon-rpc/-/pm2-axon-rpc-0.7.1.tgz 0ms (cache hit)
789 http cache pm2-axon@https://registry.npmjs.org/pm2-axon/-/pm2-axon-4.0.1.tgz 0ms (cache hit)
790 http cache needle@https://registry.npmjs.org/needle/-/needle-2.4.0.tgz 0ms (cache hit)
791 http cache semver@https://registry.npmjs.org/semver/-/semver-7.7.2.tgz 0ms (cache hit)
792 http cache js-yaml@https://registry.npmjs.org/js-yaml/-/js-yaml-4.1.1.tgz 0ms (cache hit)
793 http cache pidusage@https://registry.npmjs.org/pidusage/-/pidusage-3.0.2.tgz 0ms (cache hit)
794 http cache mkdirp@https://registry.npmjs.org/mkdirp/-/mkdirp-1.0.4.tgz 0ms (cache hit)
795 http cache debug@https://registry.npmjs.org/debug/-/debug-3.2.7.tgz 0ms (cache hit)
796 http cache eventemitter2@https://registry.npmjs.org/eventemitter2/-/eventemitter2-5.0.1.tgz 0ms (cache hit)
797 http cache debug@https://registry.npmjs.org/debug/-/debug-4.4.3.tgz 0ms (cache hit)
798 http cache enquirer@https://registry.npmjs.org/enquirer/-/enquirer-2.3.6.tgz 0ms (cache hit)
799 http cache fclone@https://registry.npmjs.org/fclone/-/fclone-1.0.11.tgz 0ms (cache hit)
800 http cache dayjs@https://registry.npmjs.org/dayjs/-/dayjs-1.11.15.tgz 0ms (cache hit)
801 http cache croner@https://registry.npmjs.org/croner/-/croner-4.1.97.tgz 0ms (cache hit)
802 http cache commander@https://registry.npmjs.org/commander/-/commander-2.15.1.tgz 0ms (cache hit)
803 http cache async@https://registry.npmjs.org/async/-/async-3.2.6.tgz 0ms (cache hit)
804 http cache chokidar@https://registry.npmjs.org/chokidar/-/chokidar-3.6.0.tgz 0ms (cache hit)
805 http cache ansis@https://registry.npmjs.org/ansis/-/ansis-4.0.0-node10.tgz 0ms (cache hit)
806 http cache @pm2/js-api@https://registry.npmjs.org/@pm2/js-api/-/js-api-0.8.0.tgz 0ms (cache hit)
807 http cache @pm2/pm2-version-check@https://registry.npmjs.org/@pm2/pm2-version-check/-/pm2-version-check-1.0.4.tgz 0ms (cache hit)
808 http cache cli-tableau@https://registry.npmjs.org/cli-tableau/-/cli-tableau-2.0.1.tgz 0ms (cache hit)
809 http cache eventemitter2@https://registry.npmjs.org/eventemitter2/-/eventemitter2-6.4.9.tgz 1ms (cache hit)
810 http cache async@https://registry.npmjs.org/async/-/async-2.6.4.tgz 0ms (cache hit)
811 http cache semver@https://registry.npmjs.org/semver/-/semver-7.5.4.tgz 0ms (cache hit)
812 http cache lru-cache@https://registry.npmjs.org/lru-cache/-/lru-cache-6.0.0.tgz 0ms (cache hit)
813 http cache debug@https://registry.npmjs.org/debug/-/debug-4.3.7.tgz 0ms (cache hit)
814 http cache eventemitter2@https://registry.npmjs.org/eventemitter2/-/eventemitter2-6.4.9.tgz 0ms (cache hit)
815 http cache async@https://registry.npmjs.org/async/-/async-2.6.4.tgz 0ms (cache hit)
816 http cache @pm2/blessed@https://registry.npmjs.org/@pm2/blessed/-/blessed-0.1.81.tgz 0ms (cache hit)
817 http cache debug@https://registry.npmjs.org/debug/-/debug-4.3.7.tgz 0ms (cache hit)
818 http cache @pm2/agent@https://registry.npmjs.org/@pm2/agent/-/agent-2.1.1.tgz 0ms (cache hit)
819 http cache @pm2/io@https://registry.npmjs.org/@pm2/io/-/io-6.1.0.tgz 0ms (cache hit)
820 http cache lru-cache@https://registry.npmjs.org/lru-cache/-/lru-cache-6.0.0.tgz 0ms (cache hit)
821 http cache semver@https://registry.npmjs.org/semver/-/semver-7.5.4.tgz 0ms (cache hit)
822 http cache dayjs@https://registry.npmjs.org/dayjs/-/dayjs-1.8.36.tgz 0ms (cache hit)
823 silly tarball no local data for culvert@https://registry.npmjs.org/culvert/-/culvert-0.1.2.tgz. Extracting by manifest.
824 silly tarball no local data for lodash@https://registry.npmjs.org/lodash/-/lodash-4.17.23.tgz. Extracting by manifest.
825 silly tarball no local data for pako@https://registry.npmjs.org/pako/-/pako-0.2.9.tgz. Extracting by manifest.
826 silly tarball no local data for git-sha1@https://registry.npmjs.org/git-sha1/-/git-sha1-0.1.2.tgz. Extracting by manifest.
827 silly tarball no local data for pm2@https://registry.npmjs.org/pm2/-/pm2-6.0.14.tgz. Extracting by manifest.
828 silly tarball no local data for bodec@https://registry.npmjs.org/bodec/-/bodec-0.1.0.tgz. Extracting by manifest.
829 silly tarball no local data for js-git@https://registry.npmjs.org/js-git/-/js-git-0.7.8.tgz. Extracting by manifest.
830 silly tarball no local data for json-stringify-safe@https://registry.npmjs.org/json-stringify-safe/-/json-stringify-safe-5.0.1.tgz. Extracting by manifest.
831 silly tarball no local data for git-node-fs@https://registry.npmjs.org/git-node-fs/-/git-node-fs-1.0.0.tgz. Extracting by manifest.
832 http cache debug@https://registry.npmjs.org/debug/-/debug-4.3.7.tgz 0ms (cache hit)
833 silly tarball no local data for mute-stream@https://registry.npmjs.org/mute-stream/-/mute-stream-0.0.8.tgz. Extracting by manifest.
834 silly tarball no local data for read@https://registry.npmjs.org/read/-/read-1.0.7.tgz. Extracting by manifest.
835 silly tarball no local data for tx2@https://registry.npmjs.org/tx2/-/tx2-1.0.5.tgz. Extracting by manifest.
836 silly tarball no local data for charm@https://registry.npmjs.org/charm/-/charm-0.1.2.tgz. Extracting by manifest.
837 silly tarball no local data for systeminformation@https://registry.npmjs.org/systeminformation/-/systeminformation-5.30.7.tgz. Extracting by manifest.
838 silly tarball no local data for tv4@https://registry.npmjs.org/tv4/-/tv4-1.3.0.tgz. Extracting by manifest.
839 silly tarball no local data for amp@https://registry.npmjs.org/amp/-/amp-0.3.1.tgz. Extracting by manifest.
840 silly tarball no local data for run-series@https://registry.npmjs.org/run-series/-/run-series-1.1.9.tgz. Extracting by manifest.
841 silly tarball no local data for amp-message@https://registry.npmjs.org/amp-message/-/amp-message-0.1.2.tgz. Extracting by manifest.
842 silly tarball no local data for sax@https://registry.npmjs.org/sax/-/sax-1.4.4.tgz. Extracting by manifest.
843 silly tarball no local data for ansi-colors@https://registry.npmjs.org/ansi-colors/-/ansi-colors-4.1.3.tgz. Extracting by manifest.
844 silly tarball no local data for extrareqp2@https://registry.npmjs.org/extrareqp2/-/extrareqp2-1.0.0.tgz. Extracting by manifest.
845 silly tarball no local data for require-in-the-middle@https://registry.npmjs.org/require-in-the-middle/-/require-in-the-middle-5.2.0.tgz. Extracting by manifest.
846 silly tarball no local data for tslib@https://registry.npmjs.org/tslib/-/tslib-1.9.3.tgz. Extracting by manifest.
847 silly tarball no local data for fast-json-patch@https://registry.npmjs.org/fast-json-patch/-/fast-json-patch-3.1.1.tgz. Extracting by manifest.
848 silly tarball no local data for ws@https://registry.npmjs.org/ws/-/ws-7.5.10.tgz. Extracting by manifest.
849 silly tarball no local data for chalk@https://registry.npmjs.org/chalk/-/chalk-3.0.0.tgz. Extracting by manifest.
850 silly tarball no local data for proxy-agent@https://registry.npmjs.org/proxy-agent/-/proxy-agent-6.4.0.tgz. Extracting by manifest.
851 silly tarball no local data for async@https://registry.npmjs.org/async/-/async-2.6.4.tgz. Extracting by manifest.
852 silly tarball no local data for sprintf-js@https://registry.npmjs.org/sprintf-js/-/sprintf-js-1.1.2.tgz. Extracting by manifest.
853 silly tarball no local data for vizion@https://registry.npmjs.org/vizion/-/vizion-2.2.1.tgz. Extracting by manifest.
854 silly tarball no local data for promptly@https://registry.npmjs.org/promptly/-/promptly-2.2.0.tgz. Extracting by manifest.
855 silly tarball no local data for pm2-sysmonit@https://registry.npmjs.org/pm2-sysmonit/-/pm2-sysmonit-1.2.8.tgz. Extracting by manifest.
856 silly tarball no local data for pm2-multimeter@https://registry.npmjs.org/pm2-multimeter/-/pm2-multimeter-0.1.2.tgz. Extracting by manifest.
857 silly tarball no local data for pm2-deploy@https://registry.npmjs.org/pm2-deploy/-/pm2-deploy-1.0.2.tgz. Extracting by manifest.
858 silly tarball no local data for pidusage@https://registry.npmjs.org/pidusage/-/pidusage-2.0.21.tgz. Extracting by manifest.
859 silly tarball no local data for pm2-axon-rpc@https://registry.npmjs.org/pm2-axon-rpc/-/pm2-axon-rpc-0.7.1.tgz. Extracting by manifest.
860 silly tarball no local data for needle@https://registry.npmjs.org/needle/-/needle-2.4.0.tgz. Extracting by manifest.
861 silly tarball no local data for pm2-axon@https://registry.npmjs.org/pm2-axon/-/pm2-axon-4.0.1.tgz. Extracting by manifest.
862 silly tarball no local data for semver@https://registry.npmjs.org/semver/-/semver-7.7.2.tgz. Extracting by manifest.
863 silly tarball no local data for pidusage@https://registry.npmjs.org/pidusage/-/pidusage-3.0.2.tgz. Extracting by manifest.
864 silly tarball no local data for eventemitter2@https://registry.npmjs.org/eventemitter2/-/eventemitter2-5.0.1.tgz. Extracting by manifest.
865 silly tarball no local data for enquirer@https://registry.npmjs.org/enquirer/-/enquirer-2.3.6.tgz. Extracting by manifest.
866 silly tarball no local data for dayjs@https://registry.npmjs.org/dayjs/-/dayjs-1.11.15.tgz. Extracting by manifest.
867 silly tarball no local data for fclone@https://registry.npmjs.org/fclone/-/fclone-1.0.11.tgz. Extracting by manifest.
868 silly tarball no local data for croner@https://registry.npmjs.org/croner/-/croner-4.1.97.tgz. Extracting by manifest.
869 silly tarball no local data for commander@https://registry.npmjs.org/commander/-/commander-2.15.1.tgz. Extracting by manifest.
870 silly tarball no local data for ansis@https://registry.npmjs.org/ansis/-/ansis-4.0.0-node10.tgz. Extracting by manifest.
871 silly tarball no local data for @pm2/js-api@https://registry.npmjs.org/@pm2/js-api/-/js-api-0.8.0.tgz. Extracting by manifest.
872 silly tarball no local data for @pm2/pm2-version-check@https://registry.npmjs.org/@pm2/pm2-version-check/-/pm2-version-check-1.0.4.tgz. Extracting by manifest.
873 silly tarball no local data for cli-tableau@https://registry.npmjs.org/cli-tableau/-/cli-tableau-2.0.1.tgz. Extracting by manifest.
874 silly tarball no local data for eventemitter2@https://registry.npmjs.org/eventemitter2/-/eventemitter2-6.4.9.tgz. Extracting by manifest.
875 silly tarball no local data for async@https://registry.npmjs.org/async/-/async-2.6.4.tgz. Extracting by manifest.
876 silly tarball no local data for eventemitter2@https://registry.npmjs.org/eventemitter2/-/eventemitter2-6.4.9.tgz. Extracting by manifest.
877 silly tarball no local data for async@https://registry.npmjs.org/async/-/async-2.6.4.tgz. Extracting by manifest.
878 silly tarball no local data for @pm2/blessed@https://registry.npmjs.org/@pm2/blessed/-/blessed-0.1.81.tgz. Extracting by manifest.
879 silly tarball no local data for @pm2/agent@https://registry.npmjs.org/@pm2/agent/-/agent-2.1.1.tgz. Extracting by manifest.
880 silly tarball no local data for @pm2/io@https://registry.npmjs.org/@pm2/io/-/io-6.1.0.tgz. Extracting by manifest.
881 silly tarball no local data for dayjs@https://registry.npmjs.org/dayjs/-/dayjs-1.8.36.tgz. Extracting by manifest.
882 http fetch GET 200 https://registry.npmjs.org/culvert/-/culvert-0.1.2.tgz 227ms (cache miss)
883 http fetch GET 200 https://registry.npmjs.org/json-stringify-safe/-/json-stringify-safe-5.0.1.tgz 228ms (cache miss)
884 http fetch GET 200 https://registry.npmjs.org/bodec/-/bodec-0.1.0.tgz 234ms (cache miss)
885 http fetch GET 200 https://registry.npmjs.org/git-sha1/-/git-sha1-0.1.2.tgz 400ms (cache miss)
886 http fetch GET 200 https://registry.npmjs.org/js-git/-/js-git-0.7.8.tgz 406ms (cache miss)
887 http fetch GET 200 https://registry.npmjs.org/pako/-/pako-0.2.9.tgz 672ms (cache miss)
888 http fetch GET 200 https://registry.npmjs.org/pm2/-/pm2-6.0.14.tgz 795ms (cache miss)
889 http fetch GET 200 https://registry.npmjs.org/amp/-/amp-0.3.1.tgz 844ms (cache miss)
890 http fetch GET 200 https://registry.npmjs.org/run-series/-/run-series-1.1.9.tgz 857ms (cache miss)
891 http fetch GET 200 https://registry.npmjs.org/amp-message/-/amp-message-0.1.2.tgz 857ms (cache miss)
892 http fetch GET 200 https://registry.npmjs.org/lodash/-/lodash-4.17.23.tgz 960ms (cache miss)
893 http fetch GET 200 https://registry.npmjs.org/sax/-/sax-1.4.4.tgz 950ms (cache miss)
894 http fetch GET 200 https://registry.npmjs.org/ansi-colors/-/ansi-colors-4.1.3.tgz 972ms (cache miss)
895 http fetch GET 200 https://registry.npmjs.org/extrareqp2/-/extrareqp2-1.0.0.tgz 1173ms (cache miss)
896 http fetch GET 200 https://registry.npmjs.org/require-in-the-middle/-/require-in-the-middle-5.2.0.tgz 1215ms (cache miss)
897 http fetch GET 200 https://registry.npmjs.org/tslib/-/tslib-1.9.3.tgz 1303ms (cache miss)
898 http fetch GET 200 https://registry.npmjs.org/chalk/-/chalk-3.0.0.tgz 1313ms (cache miss)
899 http fetch GET 200 https://registry.npmjs.org/fast-json-patch/-/fast-json-patch-3.1.1.tgz 1324ms (cache miss)
900 http fetch GET 200 https://registry.npmjs.org/ws/-/ws-7.5.10.tgz 1324ms (cache miss)
901 http fetch GET 200 https://registry.npmjs.org/sprintf-js/-/sprintf-js-1.1.2.tgz 1402ms (cache miss)
902 http fetch GET 200 https://registry.npmjs.org/proxy-agent/-/proxy-agent-6.4.0.tgz 1405ms (cache miss)
903 http fetch GET 200 https://registry.npmjs.org/vizion/-/vizion-2.2.1.tgz 1449ms (cache miss)
904 http fetch GET 200 https://registry.npmjs.org/mute-stream/-/mute-stream-0.0.8.tgz 1563ms (cache miss)
905 http fetch GET 200 https://registry.npmjs.org/git-node-fs/-/git-node-fs-1.0.0.tgz 1568ms (cache miss)
906 http fetch GET 200 https://registry.npmjs.org/read/-/read-1.0.7.tgz 1596ms (cache miss)
907 http fetch GET 200 https://registry.npmjs.org/tx2/-/tx2-1.0.5.tgz 1638ms (cache miss)
908 http fetch GET 200 https://registry.npmjs.org/charm/-/charm-0.1.2.tgz 1661ms (cache miss)
909 http fetch GET 200 https://registry.npmjs.org/promptly/-/promptly-2.2.0.tgz 1669ms (cache miss)
910 http fetch GET 200 https://registry.npmjs.org/pm2-multimeter/-/pm2-multimeter-0.1.2.tgz 1670ms (cache miss)
911 http fetch GET 200 https://registry.npmjs.org/tv4/-/tv4-1.3.0.tgz 1686ms (cache miss)
912 http fetch GET 200 https://registry.npmjs.org/async/-/async-2.6.4.tgz 1680ms (cache miss)
913 http fetch GET 200 https://registry.npmjs.org/pm2-deploy/-/pm2-deploy-1.0.2.tgz 1722ms (cache miss)
914 http fetch GET 200 https://registry.npmjs.org/pm2-sysmonit/-/pm2-sysmonit-1.2.8.tgz 1762ms (cache miss)
915 http fetch GET 200 https://registry.npmjs.org/pm2-axon-rpc/-/pm2-axon-rpc-0.7.1.tgz 1796ms (cache miss)
916 http fetch GET 200 https://registry.npmjs.org/pidusage/-/pidusage-2.0.21.tgz 1811ms (cache miss)
917 http fetch GET 200 https://registry.npmjs.org/needle/-/needle-2.4.0.tgz 1873ms (cache miss)
918 http fetch GET 200 https://registry.npmjs.org/eventemitter2/-/eventemitter2-5.0.1.tgz 1940ms (cache miss)
919 http fetch GET 200 https://registry.npmjs.org/pidusage/-/pidusage-3.0.2.tgz 1952ms (cache miss)
920 http fetch GET 200 https://registry.npmjs.org/pm2-axon/-/pm2-axon-4.0.1.tgz 1964ms (cache miss)
921 http fetch GET 200 https://registry.npmjs.org/semver/-/semver-7.7.2.tgz 1993ms (cache miss)
922 http fetch GET 200 https://registry.npmjs.org/enquirer/-/enquirer-2.3.6.tgz 2009ms (cache miss)
923 http fetch GET 200 https://registry.npmjs.org/systeminformation/-/systeminformation-5.30.7.tgz 2072ms (cache miss)
924 http fetch GET 200 https://registry.npmjs.org/commander/-/commander-2.15.1.tgz 2128ms (cache miss)
925 http fetch GET 200 https://registry.npmjs.org/fclone/-/fclone-1.0.11.tgz 2178ms (cache miss)
926 http fetch GET 200 https://registry.npmjs.org/ansis/-/ansis-4.0.0-node10.tgz 2179ms (cache miss)
927 http fetch GET 200 https://registry.npmjs.org/croner/-/croner-4.1.97.tgz 2187ms (cache miss)
928 http fetch GET 200 https://registry.npmjs.org/@pm2/js-api/-/js-api-0.8.0.tgz 2321ms (cache miss)
929 http fetch GET 200 https://registry.npmjs.org/cli-tableau/-/cli-tableau-2.0.1.tgz 2330ms (cache miss)
930 http fetch GET 200 https://registry.npmjs.org/eventemitter2/-/eventemitter2-6.4.9.tgz 2362ms (cache miss)
931 http fetch GET 200 https://registry.npmjs.org/eventemitter2/-/eventemitter2-6.4.9.tgz 2455ms (cache miss)
932 http fetch GET 200 https://registry.npmjs.org/async/-/async-2.6.4.tgz 2512ms (cache miss)
933 http fetch GET 200 https://registry.npmjs.org/@pm2/pm2-version-check/-/pm2-version-check-1.0.4.tgz 2600ms (cache miss)
934 http fetch GET 200 https://registry.npmjs.org/@pm2/agent/-/agent-2.1.1.tgz 2694ms (cache miss)
935 http fetch GET 200 https://registry.npmjs.org/dayjs/-/dayjs-1.11.15.tgz 2832ms (cache miss)
936 http fetch GET 200 https://registry.npmjs.org/@pm2/io/-/io-6.1.0.tgz 2993ms (cache miss)
937 http fetch GET 200 https://registry.npmjs.org/async/-/async-2.6.4.tgz 3056ms (cache miss)
938 http fetch GET 200 https://registry.npmjs.org/dayjs/-/dayjs-1.8.36.tgz 3181ms (cache miss)
939 http fetch GET 200 https://registry.npmjs.org/@pm2/blessed/-/blessed-0.1.81.tgz 3359ms (cache miss)
940 silly ADD node_modules/pm2
941 silly ADD node_modules/pm2/node_modules/lodash
942 silly ADD node_modules/pm2/node_modules/yallist
943 silly ADD node_modules/pm2/node_modules/pako
944 silly ADD node_modules/pm2/node_modules/git-sha1
945 silly ADD node_modules/pm2/node_modules/culvert
946 silly ADD node_modules/pm2/node_modules/bodec
947 silly ADD node_modules/pm2/node_modules/js-git
948 silly ADD node_modules/pm2/node_modules/ini
949 silly ADD node_modules/pm2/node_modules/git-node-fs
950 silly ADD node_modules/pm2/node_modules/json-stringify-safe
951 silly ADD node_modules/pm2/node_modules/is-number
952 silly ADD node_modules/pm2/node_modules/has-flag
953 silly ADD node_modules/pm2/node_modules/buffer-from
954 silly ADD node_modules/pm2/node_modules/smart-buffer
955 silly ADD node_modules/pm2/node_modules/ip-address
956 silly ADD node_modules/pm2/node_modules/socks
957 silly ADD node_modules/pm2/node_modules/function-bind
958 silly ADD node_modules/pm2/node_modules/hasown
959 silly ADD node_modules/pm2/node_modules/supports-preserve-symlinks-flag
960 silly ADD node_modules/pm2/node_modules/path-parse
961 silly ADD node_modules/pm2/node_modules/is-core-module
962 silly ADD node_modules/pm2/node_modules/resolve
963 silly ADD node_modules/pm2/node_modules/module-details-from-path
964 silly ADD node_modules/pm2/node_modules/mute-stream
965 silly ADD node_modules/pm2/node_modules/source-map
966 silly ADD node_modules/pm2/node_modules/esutils
967 silly ADD node_modules/pm2/node_modules/estraverse
968 silly ADD node_modules/pm2/node_modules/esprima
969 silly ADD node_modules/pm2/node_modules/escodegen
970 silly ADD node_modules/pm2/node_modules/ast-types
971 silly ADD node_modules/pm2/node_modules/ast-types/node_modules/tslib
972 silly ADD node_modules/pm2/node_modules/netmask
973 silly ADD node_modules/pm2/node_modules/degenerator
974 silly ADD node_modules/pm2/node_modules/data-uri-to-buffer
975 silly ADD node_modules/pm2/node_modules/basic-ftp
976 silly ADD node_modules/pm2/node_modules/pac-resolver
977 silly ADD node_modules/pm2/node_modules/get-uri
978 silly ADD node_modules/pm2/node_modules/@tootallnate/quickjs-emscripten
979 silly ADD node_modules/pm2/node_modules/socks-proxy-agent
980 silly ADD node_modules/pm2/node_modules/proxy-from-env
981 silly ADD node_modules/pm2/node_modules/pac-proxy-agent
982 silly ADD node_modules/pm2/node_modules/lru-cache
983 silly ADD node_modules/pm2/node_modules/https-proxy-agent
984 silly ADD node_modules/pm2/node_modules/http-proxy-agent
985 silly ADD node_modules/pm2/node_modules/agent-base
986 silly ADD node_modules/pm2/node_modules/read
987 silly ADD node_modules/pm2/node_modules/tx2
988 silly ADD node_modules/pm2/node_modules/systeminformation
989 silly ADD node_modules/pm2/node_modules/charm
990 silly ADD node_modules/pm2/node_modules/tv4
991 silly ADD node_modules/pm2/node_modules/run-series
992 silly ADD node_modules/pm2/node_modules/escape-string-regexp
993 silly ADD node_modules/pm2/node_modules/amp-message
994 silly ADD node_modules/pm2/node_modules/amp
995 silly ADD node_modules/pm2/node_modules/safe-buffer
996 silly ADD node_modules/pm2/node_modules/safer-buffer
997 silly ADD node_modules/pm2/node_modules/sax
998 silly ADD node_modules/pm2/node_modules/iconv-lite
999 silly ADD node_modules/pm2/node_modules/argparse
1000 silly ADD node_modules/pm2/node_modules/is-extglob
1001 silly ADD node_modules/pm2/node_modules/binary-extensions
1002 silly ADD node_modules/pm2/node_modules/to-regex-range
1003 silly ADD node_modules/pm2/node_modules/follow-redirects
1004 silly ADD node_modules/pm2/node_modules/ansi-colors
1005 silly ADD node_modules/pm2/node_modules/ms
1006 silly ADD node_modules/pm2/node_modules/color-name
1007 silly ADD node_modules/pm2/node_modules/fill-range
1008 silly ADD node_modules/pm2/node_modules/picomatch
1009 silly ADD node_modules/pm2/node_modules/readdirp
1010 silly ADD node_modules/pm2/node_modules/normalize-path
1011 silly ADD node_modules/pm2/node_modules/is-glob
1012 silly ADD node_modules/pm2/node_modules/is-binary-path
1013 silly ADD node_modules/pm2/node_modules/glob-parent
1014 silly ADD node_modules/pm2/node_modules/braces
1015 silly ADD node_modules/pm2/node_modules/anymatch
1016 silly ADD node_modules/pm2/node_modules/color-convert
1017 silly ADD node_modules/pm2/node_modules/supports-color
1018 silly ADD node_modules/pm2/node_modules/ansi-styles
1019 silly ADD node_modules/pm2/node_modules/extrareqp2
1020 silly ADD node_modules/pm2/node_modules/tslib
1021 silly ADD node_modules/pm2/node_modules/signal-exit
1022 silly ADD node_modules/pm2/node_modules/shimmer
1023 silly ADD node_modules/pm2/node_modules/require-in-the-middle
1024 silly ADD node_modules/pm2/node_modules/ws
1025 silly ADD node_modules/pm2/node_modules/proxy-agent
1026 silly ADD node_modules/pm2/node_modules/fast-json-patch
1027 silly ADD node_modules/pm2/node_modules/chalk
1028 silly ADD node_modules/pm2/node_modules/vizion
1029 silly ADD node_modules/pm2/node_modules/vizion/node_modules/async
1030 silly ADD node_modules/pm2/node_modules/sprintf-js
1031 silly ADD node_modules/pm2/node_modules/source-map-support
1032 silly ADD node_modules/pm2/node_modules/semver
1033 silly ADD node_modules/pm2/node_modules/promptly
1034 silly ADD node_modules/pm2/node_modules/pm2-sysmonit
1035 silly ADD node_modules/pm2/node_modules/pm2-sysmonit/node_modules/pidusage
1036 silly ADD node_modules/pm2/node_modules/pm2-multimeter
1037 silly ADD node_modules/pm2/node_modules/pm2-deploy
1038 silly ADD node_modules/pm2/node_modules/pm2-axon-rpc
1039 silly ADD node_modules/pm2/node_modules/pm2-axon
1040 silly ADD node_modules/pm2/node_modules/pidusage
1041 silly ADD node_modules/pm2/node_modules/needle
1042 silly ADD node_modules/pm2/node_modules/needle/node_modules/debug
1043 silly ADD node_modules/pm2/node_modules/mkdirp
1044 silly ADD node_modules/pm2/node_modules/js-yaml
1045 silly ADD node_modules/pm2/node_modules/fclone
1046 silly ADD node_modules/pm2/node_modules/eventemitter2
1047 silly ADD node_modules/pm2/node_modules/enquirer
1048 silly ADD node_modules/pm2/node_modules/debug
1049 silly ADD node_modules/pm2/node_modules/dayjs
1050 silly ADD node_modules/pm2/node_modules/croner
1051 silly ADD node_modules/pm2/node_modules/commander
1052 silly ADD node_modules/pm2/node_modules/cli-tableau
1053 silly ADD node_modules/pm2/node_modules/chokidar
1054 silly ADD node_modules/pm2/node_modules/async
1055 silly ADD node_modules/pm2/node_modules/ansis
1056 silly ADD node_modules/pm2/node_modules/@pm2/pm2-version-check
1057 silly ADD node_modules/pm2/node_modules/@pm2/js-api
1058 silly ADD node_modules/pm2/node_modules/@pm2/js-api/node_modules/eventemitter2
1059 silly ADD node_modules/pm2/node_modules/@pm2/js-api/node_modules/debug
1060 silly ADD node_modules/pm2/node_modules/@pm2/js-api/node_modules/async
1061 silly ADD node_modules/pm2/node_modules/@pm2/io
1062 silly ADD node_modules/pm2/node_modules/@pm2/io/node_modules/lru-cache
1063 silly ADD node_modules/pm2/node_modules/@pm2/io/node_modules/semver
1064 silly ADD node_modules/pm2/node_modules/@pm2/io/node_modules/eventemitter2
1065 silly ADD node_modules/pm2/node_modules/@pm2/io/node_modules/debug
1066 silly ADD node_modules/pm2/node_modules/@pm2/io/node_modules/async
1067 silly ADD node_modules/pm2/node_modules/@pm2/blessed
1068 silly ADD node_modules/pm2/node_modules/@pm2/agent
1069 silly ADD node_modules/pm2/node_modules/@pm2/agent/node_modules/lru-cache
1070 silly ADD node_modules/pm2/node_modules/@pm2/agent/node_modules/semver
1071 silly ADD node_modules/pm2/node_modules/@pm2/agent/node_modules/debug
1072 silly ADD node_modules/pm2/node_modules/@pm2/agent/node_modules/dayjs
1073 verbose cwd /data/data/com.termux/files/home
1074 verbose os Linux 6.1.145-android14-11-gc1de4747ac59-ab14219743
1075 verbose node v25.3.0
1076 verbose npm  v11.9.0
1077 verbose exit 0
1078 info ok
